[     549ms] [LOG] %c[Vercel Speed Insights]%c [vitals] color: rgb(120, 120, 120) color: inherit {speed: 4g, metrics: Array(5), scriptVersion: 0.1.3, sdkName: @vercel/speed-insights/next, sdkVersion: 2.0.0} /_vercel/speed-insights/vitals @ http://localhost:3000/_next/static/chunks/0827_next_dist_0l18y0t._.js:2432
[     550ms] [LOG] %c[Vercel Speed Insights]%c [vitals] color: rgb(120, 120, 120) color: inherit {speed: 4g, metrics: Array(1), scriptVersion: 0.1.3, sdkName: @vercel/speed-insights/next, sdkVersion: 2.0.0} /_vercel/speed-insights/vitals @ http://localhost:3000/_next/static/chunks/0827_next_dist_0l18y0t._.js:2432
[     619ms] [INFO] %cDownload the React DevTools for a better development experience: https://react.dev/link/react-devtools font-weight:bold @ http://localhost:3000/_next/static/chunks/0827_next_dist_0l18y0t._.js:2432
[     641ms] [LOG] [HMR] connected @ http://localhost:3000/_next/static/chunks/0827_next_dist_0l18y0t._.js:2432
[     776ms] [LOG] %c[Vercel Web Analytics]%c Debug mode is enabled by default in development. No requests will be sent to the server. color: rgb(120, 120, 120) color: inherit @ http://localhost:3000/_next/static/chunks/0827_next_dist_0l18y0t._.js:2432
[     776ms] [LOG] %c[Vercel Web Analytics]%c [view] http://localhost:3000/cases/cea9a5b9-adc5-4324-88b0-b9a8e9ef4f44 color: rgb(120, 120, 120) color: inherit {o: http://localhost:3000/cases/cea9a5b9-adc5-4324-88b0-b9a8e9ef4f44, sv: 0.1.3, sdkn: @vercel/analytics/react, sdkv: 2.0.1, ts: 1775576450472} /_vercel/insights/view @ http://localhost:3000/_next/static/chunks/0827_next_dist_0l18y0t._.js:2432
[     777ms] [LOG] %c[Vercel Speed Insights]%c Debug mode is enabled by default in development. No requests will be sent to the server. color: rgb(120, 120, 120) color: inherit @ http://localhost:3000/_next/static/chunks/0827_next_dist_0l18y0t._.js:2432
[     784ms] [LOG] [Fast Refresh] rebuilding @ http://localhost:3000/_next/static/chunks/0827_next_dist_0l18y0t._.js:2432
[     815ms] [LOG] [Fast Refresh] done in 133ms @ http://localhost:3000/_next/static/chunks/0827_next_dist_0l18y0t._.js:2432
[     834ms] [WARNING] Clerk: Clerk has been loaded with development keys. Development instances have strict usage limits and should not be used when deploying your application to production. Learn more: https://clerk.com/docs/deployments/overview @ http://localhost:3000/_next/static/chunks/0827_next_dist_0l18y0t._.js:2432
[  144329ms] [LOG] [Fast Refresh] rebuilding @ http://localhost:3000/_next/static/chunks/0827_next_dist_0l18y0t._.js:2432
[  145037ms] [LOG] [Fast Refresh] done in 386ms @ http://localhost:3000/_next/static/chunks/0827_next_dist_0l18y0t._.js:2432
[  145577ms] [LOG] [Fast Refresh] rebuilding @ http://localhost:3000/_next/static/chunks/0827_next_dist_0l18y0t._.js:2432
[  145768ms] [LOG] [Fast Refresh] done in 291ms @ http://localhost:3000/_next/static/chunks/0827_next_dist_0l18y0t._.js:2432
[  218967ms] [LOG] [Fast Refresh] rebuilding @ http://localhost:3000/_next/static/chunks/0827_next_dist_0l18y0t._.js:2432
[  218968ms] [LOG] [Fast Refresh] done in 105ms @ http://localhost:3000/_next/static/chunks/0827_next_dist_0l18y0t._.js:2432
[  242343ms] [LOG] [Fast Refresh] rebuilding @ http://localhost:3000/_next/static/chunks/0827_next_dist_0l18y0t._.js:2432
[  242659ms] [LOG] [Fast Refresh] done in 418ms @ http://localhost:3000/_next/static/chunks/0827_next_dist_0l18y0t._.js:2432
[  363770ms] [LOG] [Fast Refresh] rebuilding @ http://localhost:3000/_next/static/chunks/0827_next_dist_0l18y0t._.js:2432
[  363783ms] [LOG] [Fast Refresh] done in 114ms @ http://localhost:3000/_next/static/chunks/0827_next_dist_0l18y0t._.js:2432
