[     414ms] [LOG] %c[Vercel Speed Insights]%c [vitals] color: rgb(120, 120, 120) color: inherit {speed: 4g, metrics: Array(3), scriptVersion: 0.1.3, sdkName: @vercel/speed-insights/next, sdkVersion: 2.0.0} /_vercel/speed-insights/vitals @ http://localhost:3000/_next/static/chunks/0827_next_dist_0l18y0t._.js:2432
[     415ms] [LOG] %c[Vercel Speed Insights]%c [vitals] color: rgb(120, 120, 120) color: inherit {speed: 4g, metrics: Array(1), scriptVersion: 0.1.3, sdkName: @vercel/speed-insights/next, sdkVersion: 2.0.0} /_vercel/speed-insights/vitals @ http://localhost:3000/_next/static/chunks/0827_next_dist_0l18y0t._.js:2432
[     466ms] [INFO] %cDownload the React DevTools for a better development experience: https://react.dev/link/react-devtools font-weight:bold @ http://localhost:3000/_next/static/chunks/0827_next_dist_0l18y0t._.js:2432
[     485ms] [LOG] [HMR] connected @ http://localhost:3000/_next/static/chunks/0827_next_dist_0l18y0t._.js:2432
[     582ms] [LOG] %c[Vercel Web Analytics]%c Debug mode is enabled by default in development. No requests will be sent to the server. color: rgb(120, 120, 120) color: inherit @ http://localhost:3000/_next/static/chunks/0827_next_dist_0l18y0t._.js:2432
[     582ms] [LOG] %c[Vercel Web Analytics]%c [view] http://localhost:3000/cases/cea9a5b9-adc5-4324-88b0-b9a8e9ef4f44 color: rgb(120, 120, 120) color: inherit {o: http://localhost:3000/cases/cea9a5b9-adc5-4324-88b0-b9a8e9ef4f44, sv: 0.1.3, sdkn: @vercel/analytics/react, sdkv: 2.0.1, ts: 1776105594512} /_vercel/insights/view @ http://localhost:3000/_next/static/chunks/0827_next_dist_0l18y0t._.js:2432
[     582ms] [LOG] %c[Vercel Speed Insights]%c Debug mode is enabled by default in development. No requests will be sent to the server. color: rgb(120, 120, 120) color: inherit @ http://localhost:3000/_next/static/chunks/0827_next_dist_0l18y0t._.js:2432
[     618ms] [WARNING] Clerk: Clerk has been loaded with development keys. Development instances have strict usage limits and should not be used when deploying your application to production. Learn more: https://clerk.com/docs/deployments/overview @ http://localhost:3000/_next/static/chunks/0827_next_dist_0l18y0t._.js:2432
[     907ms] [ERROR] Failed to load resource: the server responded with a status of 404 (Not Found) @ http://localhost:3000/api/trpc/cases.getById?batch=1&input=%7B%220%22%3A%7B%22json%22%3A%7B%22caseId%22%3A%22cea9a5b9-adc5-4324-88b0-b9a8e9ef4f44%22%7D%7D%7D:0
[    2193ms] [ERROR] Failed to load resource: the server responded with a status of 404 (Not Found) @ http://localhost:3000/api/trpc/cases.getById?batch=1&input=%7B%220%22%3A%7B%22json%22%3A%7B%22caseId%22%3A%22cea9a5b9-adc5-4324-88b0-b9a8e9ef4f44%22%7D%7D%7D:0
[    4488ms] [ERROR] Failed to load resource: the server responded with a status of 404 (Not Found) @ http://localhost:3000/api/trpc/cases.getById?batch=1&input=%7B%220%22%3A%7B%22json%22%3A%7B%22caseId%22%3A%22cea9a5b9-adc5-4324-88b0-b9a8e9ef4f44%22%7D%7D%7D:0
[    8773ms] [ERROR] Failed to load resource: the server responded with a status of 404 (Not Found) @ http://localhost:3000/api/trpc/cases.getById?batch=1&input=%7B%220%22%3A%7B%22json%22%3A%7B%22caseId%22%3A%22cea9a5b9-adc5-4324-88b0-b9a8e9ef4f44%22%7D%7D%7D:0
[   35537ms] [ERROR] WebSocket connection to 'ws://localhost:3000/_next/webpack-hmr?id=jNLTWdRh4YR9i4EMkTugn' failed:  @ http://localhost:3000/_next/static/chunks/0827_next_dist_client_03yyh8.._.js:13300
[   36544ms] [ERROR] WebSocket connection to 'ws://localhost:3000/_next/webpack-hmr?id=jNLTWdRh4YR9i4EMkTugn' failed: Error in connection establishment: net::ERR_CONNECTION_REFUSED @ http://localhost:3000/_next/static/chunks/0827_next_dist_client_03yyh8.._.js:13300
[   37547ms] [ERROR] WebSocket connection to 'ws://localhost:3000/_next/webpack-hmr?id=jNLTWdRh4YR9i4EMkTugn' failed: Error in connection establishment: net::ERR_CONNECTION_REFUSED @ http://localhost:3000/_next/static/chunks/0827_next_dist_client_03yyh8.._.js:13300
[   38550ms] [ERROR] WebSocket connection to 'ws://localhost:3000/_next/webpack-hmr?id=jNLTWdRh4YR9i4EMkTugn' failed: Error in connection establishment: net::ERR_CONNECTION_REFUSED @ http://localhost:3000/_next/static/chunks/0827_next_dist_client_03yyh8.._.js:13300
[   39554ms] [ERROR] WebSocket connection to 'ws://localhost:3000/_next/webpack-hmr?id=jNLTWdRh4YR9i4EMkTugn' failed: Error in connection establishment: net::ERR_CONNECTION_REFUSED @ http://localhost:3000/_next/static/chunks/0827_next_dist_client_03yyh8.._.js:13300
[   40557ms] [ERROR] WebSocket connection to 'ws://localhost:3000/_next/webpack-hmr?id=jNLTWdRh4YR9i4EMkTugn' failed: Error in connection establishment: net::ERR_CONNECTION_REFUSED @ http://localhost:3000/_next/static/chunks/0827_next_dist_client_03yyh8.._.js:13300
[   45562ms] [ERROR] WebSocket connection to 'ws://localhost:3000/_next/webpack-hmr?id=jNLTWdRh4YR9i4EMkTugn' failed: Error in connection establishment: net::ERR_CONNECTION_REFUSED @ http://localhost:3000/_next/static/chunks/0827_next_dist_client_03yyh8.._.js:13300
[   50570ms] [ERROR] WebSocket connection to 'ws://localhost:3000/_next/webpack-hmr?id=jNLTWdRh4YR9i4EMkTugn' failed: Error in connection establishment: net::ERR_CONNECTION_REFUSED @ http://localhost:3000/_next/static/chunks/0827_next_dist_client_03yyh8.._.js:13300
[   55583ms] [ERROR] WebSocket connection to 'ws://localhost:3000/_next/webpack-hmr?id=jNLTWdRh4YR9i4EMkTugn' failed: Error in connection establishment: net::ERR_CONNECTION_REFUSED @ http://localhost:3000/_next/static/chunks/0827_next_dist_client_03yyh8.._.js:13300
[   60631ms] [ERROR] WebSocket connection to 'ws://localhost:3000/_next/webpack-hmr?id=jNLTWdRh4YR9i4EMkTugn' failed: Error in connection establishment: net::ERR_CONNECTION_REFUSED @ http://localhost:3000/_next/static/chunks/0827_next_dist_client_03yyh8.._.js:13300
[   65707ms] [ERROR] WebSocket connection to 'ws://localhost:3000/_next/webpack-hmr?id=jNLTWdRh4YR9i4EMkTugn' failed: Error in connection establishment: net::ERR_CONNECTION_REFUSED @ http://localhost:3000/_next/static/chunks/0827_next_dist_client_03yyh8.._.js:13300
[   70752ms] [ERROR] WebSocket connection to 'ws://localhost:3000/_next/webpack-hmr?id=jNLTWdRh4YR9i4EMkTugn' failed: Error in connection establishment: net::ERR_CONNECTION_REFUSED @ http://localhost:3000/_next/static/chunks/0827_next_dist_client_03yyh8.._.js:13300
[   75886ms] [ERROR] WebSocket connection to 'ws://localhost:3000/_next/webpack-hmr?id=jNLTWdRh4YR9i4EMkTugn' failed: Error in connection establishment: net::ERR_CONNECTION_REFUSED @ http://localhost:3000/_next/static/chunks/0827_next_dist_client_03yyh8.._.js:13300
[  115043ms] [INFO] %cDownload the React DevTools for a better development experience: https://react.dev/link/react-devtools font-weight:bold @ http://localhost:3000/_next/static/chunks/0827_next_dist_0l18y0t._.js:2432
[  115088ms] [LOG] [HMR] connected @ http://localhost:3000/_next/static/chunks/0827_next_dist_0l18y0t._.js:2432
[  115140ms] [LOG] %c[Vercel Web Analytics]%c Debug mode is enabled by default in development. No requests will be sent to the server. color: rgb(120, 120, 120) color: inherit @ http://localhost:3000/_next/static/chunks/0827_next_dist_0l18y0t._.js:2432
[  115140ms] [LOG] %c[Vercel Web Analytics]%c [view] http://localhost:3000/cases/cea9a5b9-adc5-4324-88b0-b9a8e9ef4f44 color: rgb(120, 120, 120) color: inherit {o: http://localhost:3000/cases/cea9a5b9-adc5-4324-88b0-b9a8e9ef4f44, sv: 0.1.3, sdkn: @vercel/analytics/react, sdkv: 2.0.1, ts: 1776105709070} /_vercel/insights/view @ http://localhost:3000/_next/static/chunks/0827_next_dist_0l18y0t._.js:2432
[  115155ms] [LOG] %c[Vercel Speed Insights]%c Debug mode is enabled by default in development. No requests will be sent to the server. color: rgb(120, 120, 120) color: inherit @ http://localhost:3000/_next/static/chunks/0827_next_dist_0l18y0t._.js:2432
[  115204ms] [LOG] [Fast Refresh] rebuilding @ http://localhost:3000/_next/static/chunks/0827_next_dist_0l18y0t._.js:2432
[  115406ms] [WARNING] Clerk: Clerk has been loaded with development keys. Development instances have strict usage limits and should not be used when deploying your application to production. Learn more: https://clerk.com/docs/deployments/overview @ http://localhost:3000/_next/static/chunks/0827_next_dist_0l18y0t._.js:2432
[  115583ms] [LOG] [Fast Refresh] done in 479ms @ http://localhost:3000/_next/static/chunks/0827_next_dist_0l18y0t._.js:2432
[  116913ms] [ERROR] Failed to load resource: the server responded with a status of 404 (Not Found) @ http://localhost:3000/api/trpc/cases.getById?batch=1&input=%7B%220%22%3A%7B%22json%22%3A%7B%22caseId%22%3A%22cea9a5b9-adc5-4324-88b0-b9a8e9ef4f44%22%7D%7D%7D:0
[  118258ms] [ERROR] Failed to load resource: the server responded with a status of 404 (Not Found) @ http://localhost:3000/api/trpc/cases.getById?batch=1&input=%7B%220%22%3A%7B%22json%22%3A%7B%22caseId%22%3A%22cea9a5b9-adc5-4324-88b0-b9a8e9ef4f44%22%7D%7D%7D:0
[  120508ms] [ERROR] Failed to load resource: the server responded with a status of 404 (Not Found) @ http://localhost:3000/api/trpc/cases.getById?batch=1&input=%7B%220%22%3A%7B%22json%22%3A%7B%22caseId%22%3A%22cea9a5b9-adc5-4324-88b0-b9a8e9ef4f44%22%7D%7D%7D:0
[  124938ms] [ERROR] Failed to load resource: the server responded with a status of 404 (Not Found) @ http://localhost:3000/api/trpc/cases.getById?batch=1&input=%7B%220%22%3A%7B%22json%22%3A%7B%22caseId%22%3A%22cea9a5b9-adc5-4324-88b0-b9a8e9ef4f44%22%7D%7D%7D:0
