[     760ms] [LOG] %c[Vercel Speed Insights]%c [vitals] color: rgb(120, 120, 120) color: inherit {speed: 4g, metrics: Array(3), scriptVersion: 0.1.3, sdkName: @vercel/speed-insights/next, sdkVersion: 2.0.0} /_vercel/speed-insights/vitals @ http://localhost:3000/_next/static/chunks/0_z1_next_dist_00tj6v-._.js:2432
[     761ms] [LOG] %c[Vercel Speed Insights]%c [vitals] color: rgb(120, 120, 120) color: inherit {speed: 4g, metrics: Array(1), scriptVersion: 0.1.3, sdkName: @vercel/speed-insights/next, sdkVersion: 2.0.0} /_vercel/speed-insights/vitals @ http://localhost:3000/_next/static/chunks/0_z1_next_dist_00tj6v-._.js:2432
[     803ms] [INFO] %cDownload the React DevTools for a better development experience: https://react.dev/link/react-devtools font-weight:bold @ http://localhost:3000/_next/static/chunks/0_z1_next_dist_00tj6v-._.js:2432
[     821ms] [LOG] [HMR] connected @ http://localhost:3000/_next/static/chunks/0_z1_next_dist_00tj6v-._.js:2432
[     878ms] [LOG] %c[Vercel Web Analytics]%c Debug mode is enabled by default in development. No requests will be sent to the server. color: rgb(120, 120, 120) color: inherit @ http://localhost:3000/_next/static/chunks/0_z1_next_dist_00tj6v-._.js:2432
[     878ms] [LOG] %c[Vercel Web Analytics]%c [view] http://localhost:3000/settings/integrations color: rgb(120, 120, 120) color: inherit {o: http://localhost:3000/settings/integrations, sv: 0.1.3, sdkn: @vercel/analytics/react, sdkv: 2.0.1, ts: 1775488070343} /_vercel/insights/view @ http://localhost:3000/_next/static/chunks/0_z1_next_dist_00tj6v-._.js:2432
[     878ms] [LOG] %c[Vercel Speed Insights]%c Debug mode is enabled by default in development. No requests will be sent to the server. color: rgb(120, 120, 120) color: inherit @ http://localhost:3000/_next/static/chunks/0_z1_next_dist_00tj6v-._.js:2432
[    1047ms] [WARNING] Clerk: Clerk has been loaded with development keys. Development instances have strict usage limits and should not be used when deploying your application to production. Learn more: https://clerk.com/docs/deployments/overview @ http://localhost:3000/_next/static/chunks/0_z1_next_dist_00tj6v-._.js:2432
[  134249ms] [LOG] [Fast Refresh] rebuilding @ http://localhost:3000/_next/static/chunks/0_z1_next_dist_00tj6v-._.js:2432
[  134835ms] [LOG] [Fast Refresh] done in 686ms @ http://localhost:3000/_next/static/chunks/0_z1_next_dist_00tj6v-._.js:2432
[  134946ms] [LOG] [Fast Refresh] rebuilding @ http://localhost:3000/_next/static/chunks/0_z1_next_dist_00tj6v-._.js:2432
[  135912ms] [LOG] [Fast Refresh] done in 1066ms @ http://localhost:3000/_next/static/chunks/0_z1_next_dist_00tj6v-._.js:2432
[  136013ms] [LOG] [Fast Refresh] rebuilding @ http://localhost:3000/_next/static/chunks/0_z1_next_dist_00tj6v-._.js:2432
[  136255ms] [LOG] [Fast Refresh] done in 342ms @ http://localhost:3000/_next/static/chunks/0_z1_next_dist_00tj6v-._.js:2432
[  136356ms] [LOG] [Fast Refresh] rebuilding @ http://localhost:3000/_next/static/chunks/0_z1_next_dist_00tj6v-._.js:2432
[  136565ms] [LOG] [Fast Refresh] done in 309ms @ http://localhost:3000/_next/static/chunks/0_z1_next_dist_00tj6v-._.js:2432
[  136667ms] [LOG] [Fast Refresh] rebuilding @ http://localhost:3000/_next/static/chunks/0_z1_next_dist_00tj6v-._.js:2432
[  136892ms] [LOG] [Fast Refresh] done in 326ms @ http://localhost:3000/_next/static/chunks/0_z1_next_dist_00tj6v-._.js:2432
[  136993ms] [LOG] [Fast Refresh] rebuilding @ http://localhost:3000/_next/static/chunks/0_z1_next_dist_00tj6v-._.js:2432
[  140274ms] [LOG] [Fast Refresh] done in 3381ms @ http://localhost:3000/_next/static/chunks/0_z1_next_dist_00tj6v-._.js:2432
[  140375ms] [LOG] [Fast Refresh] rebuilding @ http://localhost:3000/_next/static/chunks/0_z1_next_dist_00tj6v-._.js:2432
[  142940ms] [LOG] [Fast Refresh] done in 2665ms @ http://localhost:3000/_next/static/chunks/0_z1_next_dist_00tj6v-._.js:2432
[  143041ms] [LOG] [Fast Refresh] rebuilding @ http://localhost:3000/_next/static/chunks/0_z1_next_dist_00tj6v-._.js:2432
[  153992ms] [LOG] [Fast Refresh] done in 11051ms @ http://localhost:3000/_next/static/chunks/0_z1_next_dist_00tj6v-._.js:2432
[  179503ms] [LOG] [Fast Refresh] rebuilding @ http://localhost:3000/_next/static/chunks/0_z1_next_dist_00tj6v-._.js:2432
[  209936ms] [ERROR] Failed to load resource: the server responded with a status of 500 (Internal Server Error) @ http://localhost:3000/settings/integrations?_rsc=lfk3c:0
[  210691ms] [ERROR] Failed to load resource: the server responded with a status of 500 (Internal Server Error) @ http://localhost:3000/settings/integrations?_rsc=lfk3c:0
[  210705ms] [ERROR] Failed to load resource: the server responded with a status of 500 (Internal Server Error) @ http://localhost:3000/settings/integrations?_rsc=lfk3c:0
[  210731ms] [ERROR] Failed to load resource: the server responded with a status of 500 (Internal Server Error) @ http://localhost:3000/settings/integrations?_rsc=lfk3c:0
[  210741ms] [LOG] %c[Vercel Speed Insights]%c [vitals] color: rgb(120, 120, 120) color: inherit {speed: 4g, metrics: Array(3), scriptVersion: 0.1.3, sdkName: @vercel/speed-insights/next, sdkVersion: 2.0.0} /_vercel/speed-insights/vitals @ http://localhost:3000/_next/static/chunks/0_z1_next_dist_00tj6v-._.js:2432
[  210742ms] [LOG] %c[Vercel Speed Insights]%c [vitals] color: rgb(120, 120, 120) color: inherit {speed: 4g, metrics: Array(1), scriptVersion: 0.1.3, sdkName: @vercel/speed-insights/next, sdkVersion: 2.0.0} /_vercel/speed-insights/vitals @ http://localhost:3000/_next/static/chunks/0_z1_next_dist_00tj6v-._.js:2432
[  210753ms] [ERROR] Failed to load resource: the server responded with a status of 500 (Internal Server Error) @ http://localhost:3000/settings/integrations:0
