[     221ms] [LOG] [Fast Refresh] rebuilding @ http://localhost:3000/_next/static/chunks/0827_next_dist_0l18y0t._.js:2432
[    1360ms] [LOG] [Fast Refresh] done in 1242ms @ http://localhost:3000/_next/static/chunks/0827_next_dist_0l18y0t._.js:2432
[    1484ms] [LOG] %c[Vercel Speed Insights]%c [vitals] color: rgb(120, 120, 120) color: inherit {speed: 4g, metrics: Array(3), scriptVersion: 0.1.3, sdkName: @vercel/speed-insights/next, sdkVersion: 2.0.0} /_vercel/speed-insights/vitals @ http://localhost:3000/_next/static/chunks/0827_next_dist_0l18y0t._.js:2432
[    1485ms] [LOG] %c[Vercel Speed Insights]%c [vitals] color: rgb(120, 120, 120) color: inherit {speed: 4g, metrics: Array(1), scriptVersion: 0.1.3, sdkName: @vercel/speed-insights/next, sdkVersion: 2.0.0} /_vercel/speed-insights/vitals @ http://localhost:3000/_next/static/chunks/0827_next_dist_0l18y0t._.js:2432
[    1552ms] [INFO] %cDownload the React DevTools for a better development experience: https://react.dev/link/react-devtools font-weight:bold @ http://localhost:3000/_next/static/chunks/0827_next_dist_0l18y0t._.js:2432
[    1575ms] [LOG] [HMR] connected @ http://localhost:3000/_next/static/chunks/0827_next_dist_0l18y0t._.js:2432
[    1669ms] [LOG] %c[Vercel Web Analytics]%c Debug mode is enabled by default in development. No requests will be sent to the server. color: rgb(120, 120, 120) color: inherit @ http://localhost:3000/_next/static/chunks/0827_next_dist_0l18y0t._.js:2432
[    1669ms] [LOG] %c[Vercel Web Analytics]%c [view] http://localhost:3000/cases color: rgb(120, 120, 120) color: inherit {o: http://localhost:3000/cases, sv: 0.1.3, sdkn: @vercel/analytics/react, sdkv: 2.0.1, ts: 1775574700543} /_vercel/insights/view @ http://localhost:3000/_next/static/chunks/0827_next_dist_0l18y0t._.js:2432
[    1670ms] [LOG] %c[Vercel Speed Insights]%c Debug mode is enabled by default in development. No requests will be sent to the server. color: rgb(120, 120, 120) color: inherit @ http://localhost:3000/_next/static/chunks/0827_next_dist_0l18y0t._.js:2432
[    1741ms] [WARNING] Clerk: Clerk has been loaded with development keys. Development instances have strict usage limits and should not be used when deploying your application to production. Learn more: https://clerk.com/docs/deployments/overview @ http://localhost:3000/_next/static/chunks/0827_next_dist_0l18y0t._.js:2432
[    1754ms] [LOG] [Fast Refresh] rebuilding @ http://localhost:3000/_next/static/chunks/0827_next_dist_0l18y0t._.js:2432
[    1754ms] [LOG] [Fast Refresh] done in 108ms @ http://localhost:3000/_next/static/chunks/0827_next_dist_0l18y0t._.js:2432
[    1856ms] [LOG] [Fast Refresh] rebuilding @ http://localhost:3000/_next/static/chunks/0827_next_dist_0l18y0t._.js:2432
[    1858ms] [LOG] [Fast Refresh] done in 104ms @ http://localhost:3000/_next/static/chunks/0827_next_dist_0l18y0t._.js:2432
[   12720ms] [LOG] [Fast Refresh] rebuilding @ http://localhost:3000/_next/static/chunks/0827_next_dist_0l18y0t._.js:2432
[   15957ms] [LOG] [Fast Refresh] done in 3338ms @ http://localhost:3000/_next/static/chunks/0827_next_dist_0l18y0t._.js:2432
[   16496ms] [LOG] %c[Vercel Speed Insights]%c [vitals] color: rgb(120, 120, 120) color: inherit {speed: 4g, metrics: Array(4), scriptVersion: 0.1.3, sdkName: @vercel/speed-insights/next, sdkVersion: 2.0.0} /_vercel/speed-insights/vitals @ http://localhost:3000/_next/static/chunks/0827_next_dist_0l18y0t._.js:2432
[   16501ms] [LOG] %c[Vercel Web Analytics]%c [view] http://localhost:3000/cases/cea9a5b9-adc5-4324-88b0-b9a8e9ef4f44 color: rgb(120, 120, 120) color: inherit {o: http://localhost:3000/cases/cea9a5b9-adc5-4324-88b0-b9a8e9ef4f44, sv: 0.1.3, sdkn: @vercel/analytics/react, sdkv: 2.0.1, ts: 1775574715369} /_vercel/insights/view @ http://localhost:3000/_next/static/chunks/0827_next_dist_0l18y0t._.js:2432
[   16646ms] [LOG] [Fast Refresh] rebuilding @ http://localhost:3000/_next/static/chunks/0827_next_dist_0l18y0t._.js:2432
[   16766ms] [LOG] [Fast Refresh] done in 250ms @ http://localhost:3000/_next/static/chunks/0827_next_dist_0l18y0t._.js:2432
[   17649ms] [LOG] [Fast Refresh] rebuilding @ http://localhost:3000/_next/static/chunks/0827_next_dist_0l18y0t._.js:2432
[   17715ms] [LOG] [Fast Refresh] done in 169ms @ http://localhost:3000/_next/static/chunks/0827_next_dist_0l18y0t._.js:2432
