[     335ms] [LOG] [Fast Refresh] done in 4616ms @ http://localhost:3000/_next/static/chunks/node_modules_next_dist_115brz8._.js:2432
[    4547ms] [LOG] %c[Vercel Speed Insights]%c [vitals] color: rgb(120, 120, 120) color: inherit {speed: 4g, metrics: Array(3), scriptVersion: 0.1.3, sdkName: @vercel/speed-insights/next, sdkVersion: 2.0.0} /_vercel/speed-insights/vitals @ http://localhost:3000/_next/static/chunks/node_modules_next_dist_115brz8._.js:2432
[    4548ms] [LOG] %c[Vercel Speed Insights]%c [vitals] color: rgb(120, 120, 120) color: inherit {speed: 4g, metrics: Array(1), scriptVersion: 0.1.3, sdkName: @vercel/speed-insights/next, sdkVersion: 2.0.0} /_vercel/speed-insights/vitals @ http://localhost:3000/_next/static/chunks/node_modules_next_dist_115brz8._.js:2432
[    4616ms] [INFO] %cDownload the React DevTools for a better development experience: https://react.dev/link/react-devtools font-weight:bold @ http://localhost:3000/_next/static/chunks/node_modules_next_dist_115brz8._.js:2432
[    4651ms] [LOG] [HMR] connected @ http://localhost:3000/_next/static/chunks/node_modules_next_dist_115brz8._.js:2432
[    4809ms] [LOG] %c[Vercel Web Analytics]%c Debug mode is enabled by default in development. No requests will be sent to the server. color: rgb(120, 120, 120) color: inherit @ http://localhost:3000/_next/static/chunks/node_modules_next_dist_115brz8._.js:2432
[    4810ms] [LOG] %c[Vercel Web Analytics]%c [view] http://localhost:3000/cases/bf780370-abed-42fc-86a7-cb0d5180f7f3?tab=signatures color: rgb(120, 120, 120) color: inherit {o: http://localhost:3000/cases/bf780370-abed-42fc-86a7-cb0d5180f7f3?tab=signatures, sv: 0.1.3, sdkn: @vercel/analytics/react, sdkv: 2.0.1, ts: 1777069371349} /_vercel/insights/view @ http://localhost:3000/_next/static/chunks/node_modules_next_dist_115brz8._.js:2432
[    4810ms] [LOG] %c[Vercel Speed Insights]%c Debug mode is enabled by default in development. No requests will be sent to the server. color: rgb(120, 120, 120) color: inherit @ http://localhost:3000/_next/static/chunks/node_modules_next_dist_115brz8._.js:2432
[    4967ms] [WARNING] Clerk: Clerk has been loaded with development keys. Development instances have strict usage limits and should not be used when deploying your application to production. Learn more: https://clerk.com/docs/deployments/overview @ http://localhost:3000/_next/static/chunks/node_modules_next_dist_115brz8._.js:2432
[    4976ms] [LOG] [Fast Refresh] rebuilding @ http://localhost:3000/_next/static/chunks/node_modules_next_dist_115brz8._.js:2432
[    5022ms] [LOG] [Fast Refresh] done in 147ms @ http://localhost:3000/_next/static/chunks/node_modules_next_dist_115brz8._.js:2432
[    7190ms] [ERROR] Failed to load resource: the server responded with a status of 500 (Internal Server Error) @ http://localhost:3000/api/trpc/notifications.list,caseMessages.unreadByCase,documentRequests.pendingReviewCount,intakeForms.submittedCount?batch=1&input=%7B%220%22%3A%7B%22json%22%3A%7B%22limit%22%3A5%2C%22filter%22%3A%22all%22%7D%7D%2C%221%22%3A%7B%22json%22%3Anull%2C%22meta%22%3A%7B%22values%22%3A%5B%22undefined%22%5D%2C%22v%22%3A1%7D%7D%2C%222%22%3A%7B%22json%22%3Anull%2C%22meta%22%3A%7B%22values%22%3A%5B%22undefined%22%5D%2C%22v%22%3A1%7D%7D%2C%223%22%3A%7B%22json%22%3Anull%2C%22meta%22%3A%7B%22values%22%3A%5B%22undefined%22%5D%2C%22v%22%3A1%7D%7D%7D:0
[    8479ms] [ERROR] Failed to load resource: the server responded with a status of 500 (Internal Server Error) @ http://localhost:3000/api/trpc/caseSignatures.list?batch=1&input=%7B%220%22%3A%7B%22json%22%3A%7B%22caseId%22%3A%22bf780370-abed-42fc-86a7-cb0d5180f7f3%22%7D%7D%7D:0
[   10941ms] [ERROR] Failed to load resource: the server responded with a status of 500 (Internal Server Error) @ http://localhost:3000/api/trpc/caseSignatures.list?batch=1&input=%7B%220%22%3A%7B%22json%22%3A%7B%22caseId%22%3A%22bf780370-abed-42fc-86a7-cb0d5180f7f3%22%7D%7D%7D:0
[   13670ms] [ERROR] Failed to load resource: the server responded with a status of 500 (Internal Server Error) @ http://localhost:3000/api/trpc/caseMessages.unreadByCase?batch=1&input=%7B%220%22%3A%7B%22json%22%3Anull%2C%22meta%22%3A%7B%22values%22%3A%5B%22undefined%22%5D%2C%22v%22%3A1%7D%7D%7D:0
[   15295ms] [ERROR] Failed to load resource: the server responded with a status of 500 (Internal Server Error) @ http://localhost:3000/api/trpc/caseSignatures.list?batch=1&input=%7B%220%22%3A%7B%22json%22%3A%7B%22caseId%22%3A%22bf780370-abed-42fc-86a7-cb0d5180f7f3%22%7D%7D%7D:0
[   18305ms] [ERROR] Failed to load resource: the server responded with a status of 500 (Internal Server Error) @ http://localhost:3000/api/trpc/caseSignatures.listTemplates?batch=1&input=%7B%220%22%3A%7B%22json%22%3Anull%2C%22meta%22%3A%7B%22values%22%3A%5B%22undefined%22%5D%2C%22v%22%3A1%7D%7D%7D:0
[   20385ms] [LOG] [Fast Refresh] rebuilding @ http://localhost:3000/_next/static/chunks/node_modules_next_dist_115brz8._.js:2432
[   20488ms] [LOG] [Fast Refresh] done in 205ms @ http://localhost:3000/_next/static/chunks/node_modules_next_dist_115brz8._.js:2432
[   21140ms] [ERROR] Failed to load resource: the server responded with a status of 500 (Internal Server Error) @ http://localhost:3000/api/trpc/caseSignatures.listTemplates?batch=1&input=%7B%220%22%3A%7B%22json%22%3Anull%2C%22meta%22%3A%7B%22values%22%3A%5B%22undefined%22%5D%2C%22v%22%3A1%7D%7D%7D:0
[   25552ms] [ERROR] Failed to load resource: the server responded with a status of 500 (Internal Server Error) @ http://localhost:3000/api/trpc/caseSignatures.listTemplates?batch=1&input=%7B%220%22%3A%7B%22json%22%3Anull%2C%22meta%22%3A%7B%22values%22%3A%5B%22undefined%22%5D%2C%22v%22%3A1%7D%7D%7D:0
[   35494ms] [LOG] [Fast Refresh] rebuilding @ http://localhost:3000/_next/static/chunks/node_modules_next_dist_115brz8._.js:2432
[   35509ms] [LOG] [Fast Refresh] done in 116ms @ http://localhost:3000/_next/static/chunks/node_modules_next_dist_115brz8._.js:2432
[   43932ms] [ERROR] Failed to load resource: the server responded with a status of 500 (Internal Server Error) @ http://localhost:3000/api/trpc/caseMessages.unreadByCase?batch=1&input=%7B%220%22%3A%7B%22json%22%3Anull%2C%22meta%22%3A%7B%22values%22%3A%5B%22undefined%22%5D%2C%22v%22%3A1%7D%7D%7D:0
[   45165ms] [ERROR] Failed to load resource: the server responded with a status of 500 (Internal Server Error) @ http://localhost:3000/api/trpc/caseMessages.unreadByCase?batch=1&input=%7B%220%22%3A%7B%22json%22%3Anull%2C%22meta%22%3A%7B%22values%22%3A%5B%22undefined%22%5D%2C%22v%22%3A1%7D%7D%7D:0
[   47480ms] [ERROR] Failed to load resource: the server responded with a status of 500 (Internal Server Error) @ http://localhost:3000/api/trpc/caseMessages.unreadByCase?batch=1&input=%7B%220%22%3A%7B%22json%22%3Anull%2C%22meta%22%3A%7B%22values%22%3A%5B%22undefined%22%5D%2C%22v%22%3A1%7D%7D%7D:0
[   50218ms] [LOG] [Fast Refresh] rebuilding @ http://localhost:3000/_next/static/chunks/node_modules_next_dist_115brz8._.js:2432
[   50243ms] [LOG] [Fast Refresh] done in 127ms @ http://localhost:3000/_next/static/chunks/node_modules_next_dist_115brz8._.js:2432
[   51809ms] [ERROR] Failed to load resource: the server responded with a status of 500 (Internal Server Error) @ http://localhost:3000/api/trpc/caseMessages.unreadByCase?batch=1&input=%7B%220%22%3A%7B%22json%22%3Anull%2C%22meta%22%3A%7B%22values%22%3A%5B%22undefined%22%5D%2C%22v%22%3A1%7D%7D%7D:0
[   73775ms] [LOG] [Fast Refresh] rebuilding @ http://localhost:3000/_next/static/chunks/node_modules_next_dist_115brz8._.js:2432
[   74943ms] [LOG] [Fast Refresh] done in 1238ms @ http://localhost:3000/_next/static/chunks/node_modules_next_dist_115brz8._.js:2432
[   75678ms] [LOG] [Fast Refresh] rebuilding @ http://localhost:3000/_next/static/chunks/node_modules_next_dist_115brz8._.js:2432
[   76690ms] [LOG] [Fast Refresh] done in 1113ms @ http://localhost:3000/_next/static/chunks/node_modules_next_dist_115brz8._.js:2432
[   77789ms] [LOG] [Fast Refresh] rebuilding @ http://localhost:3000/_next/static/chunks/node_modules_next_dist_115brz8._.js:2432
[   78126ms] [LOG] [Fast Refresh] done in 437ms @ http://localhost:3000/_next/static/chunks/node_modules_next_dist_115brz8._.js:2432
[   78277ms] [LOG] [Fast Refresh] rebuilding @ http://localhost:3000/_next/static/chunks/node_modules_next_dist_115brz8._.js:2432
[   79606ms] [LOG] [Fast Refresh] done in 1430ms @ http://localhost:3000/_next/static/chunks/node_modules_next_dist_115brz8._.js:2432
[   79962ms] [LOG] [Fast Refresh] rebuilding @ http://localhost:3000/_next/static/chunks/node_modules_next_dist_115brz8._.js:2432
[   80035ms] [LOG] [Fast Refresh] done in 174ms @ http://localhost:3000/_next/static/chunks/node_modules_next_dist_115brz8._.js:2432
[   80328ms] [LOG] [Fast Refresh] rebuilding @ http://localhost:3000/_next/static/chunks/node_modules_next_dist_115brz8._.js:2432
[   80359ms] [LOG] [Fast Refresh] done in 133ms @ http://localhost:3000/_next/static/chunks/node_modules_next_dist_115brz8._.js:2432
[   80611ms] [LOG] [Fast Refresh] rebuilding @ http://localhost:3000/_next/static/chunks/node_modules_next_dist_115brz8._.js:2432
[   80754ms] [LOG] [Fast Refresh] done in 243ms @ http://localhost:3000/_next/static/chunks/node_modules_next_dist_115brz8._.js:2432
[   82115ms] [ERROR] Failed to load resource: the server responded with a status of 500 (Internal Server Error) @ http://localhost:3000/api/trpc/caseMessages.unreadByCase?batch=1&input=%7B%220%22%3A%7B%22json%22%3Anull%2C%22meta%22%3A%7B%22values%22%3A%5B%22undefined%22%5D%2C%22v%22%3A1%7D%7D%7D:0
[   83349ms] [ERROR] Failed to load resource: the server responded with a status of 500 (Internal Server Error) @ http://localhost:3000/api/trpc/caseMessages.unreadByCase?batch=1&input=%7B%220%22%3A%7B%22json%22%3Anull%2C%22meta%22%3A%7B%22values%22%3A%5B%22undefined%22%5D%2C%22v%22%3A1%7D%7D%7D:0
[   85911ms] [ERROR] Failed to load resource: the server responded with a status of 500 (Internal Server Error) @ http://localhost:3000/api/trpc/caseMessages.unreadByCase?batch=1&input=%7B%220%22%3A%7B%22json%22%3Anull%2C%22meta%22%3A%7B%22values%22%3A%5B%22undefined%22%5D%2C%22v%22%3A1%7D%7D%7D:0
[   90197ms] [ERROR] Failed to load resource: the server responded with a status of 500 (Internal Server Error) @ http://localhost:3000/api/trpc/caseMessages.unreadByCase?batch=1&input=%7B%220%22%3A%7B%22json%22%3Anull%2C%22meta%22%3A%7B%22values%22%3A%5B%22undefined%22%5D%2C%22v%22%3A1%7D%7D%7D:0
[  120533ms] [ERROR] Failed to load resource: the server responded with a status of 500 (Internal Server Error) @ http://localhost:3000/api/trpc/caseMessages.unreadByCase?batch=1&input=%7B%220%22%3A%7B%22json%22%3Anull%2C%22meta%22%3A%7B%22values%22%3A%5B%22undefined%22%5D%2C%22v%22%3A1%7D%7D%7D:0
[  121865ms] [ERROR] Failed to load resource: the server responded with a status of 500 (Internal Server Error) @ http://localhost:3000/api/trpc/caseMessages.unreadByCase?batch=1&input=%7B%220%22%3A%7B%22json%22%3Anull%2C%22meta%22%3A%7B%22values%22%3A%5B%22undefined%22%5D%2C%22v%22%3A1%7D%7D%7D:0
[  124155ms] [ERROR] Failed to load resource: the server responded with a status of 500 (Internal Server Error) @ http://localhost:3000/api/trpc/caseMessages.unreadByCase?batch=1&input=%7B%220%22%3A%7B%22json%22%3Anull%2C%22meta%22%3A%7B%22values%22%3A%5B%22undefined%22%5D%2C%22v%22%3A1%7D%7D%7D:0
[  128410ms] [ERROR] Failed to load resource: the server responded with a status of 500 (Internal Server Error) @ http://localhost:3000/api/trpc/caseMessages.unreadByCase?batch=1&input=%7B%220%22%3A%7B%22json%22%3Anull%2C%22meta%22%3A%7B%22values%22%3A%5B%22undefined%22%5D%2C%22v%22%3A1%7D%7D%7D:0
[  157838ms] [LOG] [Fast Refresh] rebuilding @ http://localhost:3000/_next/static/chunks/node_modules_next_dist_115brz8._.js:2432
[  157913ms] [LOG] [Fast Refresh] done in 177ms @ http://localhost:3000/_next/static/chunks/node_modules_next_dist_115brz8._.js:2432
[  158695ms] [ERROR] Failed to load resource: the server responded with a status of 500 (Internal Server Error) @ http://localhost:3000/api/trpc/caseMessages.unreadByCase?batch=1&input=%7B%220%22%3A%7B%22json%22%3Anull%2C%22meta%22%3A%7B%22values%22%3A%5B%22undefined%22%5D%2C%22v%22%3A1%7D%7D%7D:0
[  159928ms] [LOG] [Fast Refresh] rebuilding @ http://localhost:3000/_next/static/chunks/node_modules_next_dist_115brz8._.js:2432
[  159961ms] [ERROR] Failed to load resource: the server responded with a status of 500 (Internal Server Error) @ http://localhost:3000/api/trpc/caseMessages.unreadByCase?batch=1&input=%7B%220%22%3A%7B%22json%22%3Anull%2C%22meta%22%3A%7B%22values%22%3A%5B%22undefined%22%5D%2C%22v%22%3A1%7D%7D%7D:0
[  161532ms] [LOG] [Fast Refresh] done in 1702ms @ http://localhost:3000/_next/static/chunks/node_modules_next_dist_115brz8._.js:2432
[  162454ms] [LOG] [Fast Refresh] rebuilding @ http://localhost:3000/_next/static/chunks/node_modules_next_dist_115brz8._.js:2432
[  164061ms] [LOG] [Fast Refresh] done in 1708ms @ http://localhost:3000/_next/static/chunks/node_modules_next_dist_115brz8._.js:2432
[  166957ms] [LOG] [Fast Refresh] rebuilding @ http://localhost:3000/_next/static/chunks/node_modules_next_dist_115brz8._.js:2432
[  167244ms] [LOG] [Fast Refresh] done in 387ms @ http://localhost:3000/_next/static/chunks/node_modules_next_dist_115brz8._.js:2432
[  168058ms] [ERROR] Failed to load resource: the server responded with a status of 500 (Internal Server Error) @ http://localhost:3000/api/trpc/intakeForms.submittedCount?batch=1&input=%7B%220%22%3A%7B%22json%22%3Anull%2C%22meta%22%3A%7B%22values%22%3A%5B%22undefined%22%5D%2C%22v%22%3A1%7D%7D%7D:0
[  168078ms] [ERROR] Failed to load resource: the server responded with a status of 500 (Internal Server Error) @ http://localhost:3000/api/trpc/caseMessages.unreadByCase?batch=1&input=%7B%220%22%3A%7B%22json%22%3Anull%2C%22meta%22%3A%7B%22values%22%3A%5B%22undefined%22%5D%2C%22v%22%3A1%7D%7D%7D:0
[  170311ms] Error: Failed query: select "id", "clerk_id", "email", "name", "org_id", "role", "practice_areas", "state", "jurisdiction", "case_types", "plan", "subscription_status", "stripe_customer_id", "credits_used_this_month", "bio", "bar_number", "bar_state", "avatar_url", "signature_image_url", "created_at" from "users" where "users"."clerk_id" = $1 limit $2
params: user_3BxGOqt4bs5ad3Dh0QSbkOaFgbq,1
    at AppLayout (about://React/Server/file:///Users/fedorkaspirovich/ClearTerms/.next/dev/server/chunks/ssr/%5Broot-of-the-server%5D__04zel-3._.js?36:1925:20)
    at resolveErrorDev (http://localhost:3000/_next/static/chunks/node_modules_next_dist_compiled_react-server-dom-turbopack_0p3wegg._.js:1920:150)
    at processFullStringRow (http://localhost:3000/_next/static/chunks/node_modules_next_dist_compiled_react-server-dom-turbopack_0p3wegg._.js:2435:29)
    at processFullBinaryRow (http://localhost:3000/_next/static/chunks/node_modules_next_dist_compiled_react-server-dom-turbopack_0p3wegg._.js:2394:9)
    at processBinaryChunk (http://localhost:3000/_next/static/chunks/node_modules_next_dist_compiled_react-server-dom-turbopack_0p3wegg._.js:2503:221)
    at progress (http://localhost:3000/_next/static/chunks/node_modules_next_dist_compiled_react-server-dom-turbopack_0p3wegg._.js:2690:13)
[  187232ms] [LOG] [Fast Refresh] rebuilding @ http://localhost:3000/_next/static/chunks/node_modules_next_dist_115brz8._.js:2432
[  187358ms] [LOG] [Fast Refresh] done in 229ms @ http://localhost:3000/_next/static/chunks/node_modules_next_dist_115brz8._.js:2432
[  208808ms] [LOG] [Fast Refresh] rebuilding @ http://localhost:3000/_next/static/chunks/node_modules_next_dist_115brz8._.js:2432
[  208859ms] [LOG] [Fast Refresh] done in 153ms @ http://localhost:3000/_next/static/chunks/node_modules_next_dist_115brz8._.js:2432
[  253318ms] [LOG] [Fast Refresh] rebuilding @ http://localhost:3000/_next/static/chunks/node_modules_next_dist_115brz8._.js:2432
[  255331ms] [WARNING] [Fast Refresh] performing full reload because your application had an unrecoverable error @ http://localhost:3000/_next/static/chunks/node_modules_next_dist_115brz8._.js:2432
[  255364ms] Error: Failed query: select "id", "clerk_id", "email", "name", "org_id", "role", "practice_areas", "state", "jurisdiction", "case_types", "plan", "subscription_status", "stripe_customer_id", "credits_used_this_month", "bio", "bar_number", "bar_state", "avatar_url", "signature_image_url", "created_at" from "users" where "users"."clerk_id" = $1 limit $2
params: user_3BxGOqt4bs5ad3Dh0QSbkOaFgbq,1
    at AppLayout (about://React/Server/file:///Users/fedorkaspirovich/ClearTerms/.next/dev/server/chunks/ssr/%5Broot-of-the-server%5D__04zel-3._.js?36:1925:20)
    at resolveErrorDev (http://localhost:3000/_next/static/chunks/node_modules_next_dist_compiled_react-server-dom-turbopack_0p3wegg._.js:1920:150)
    at processFullStringRow (http://localhost:3000/_next/static/chunks/node_modules_next_dist_compiled_react-server-dom-turbopack_0p3wegg._.js:2435:29)
    at processFullBinaryRow (http://localhost:3000/_next/static/chunks/node_modules_next_dist_compiled_react-server-dom-turbopack_0p3wegg._.js:2394:9)
    at processBinaryChunk (http://localhost:3000/_next/static/chunks/node_modules_next_dist_compiled_react-server-dom-turbopack_0p3wegg._.js:2503:221)
    at progress (http://localhost:3000/_next/static/chunks/node_modules_next_dist_compiled_react-server-dom-turbopack_0p3wegg._.js:2690:13)
[  255383ms] [LOG] [Fast Refresh] done in 2107ms @ http://localhost:3000/_next/static/chunks/node_modules_next_dist_115brz8._.js:2432
[  256826ms] [LOG] [Fast Refresh] rebuilding @ http://localhost:3000/_next/static/chunks/node_modules_next_dist_115brz8._.js:2432
[  257100ms] [LOG] [Fast Refresh] done in 376ms @ http://localhost:3000/_next/static/chunks/node_modules_next_dist_115brz8._.js:2432
[  257240ms] [LOG] [Fast Refresh] rebuilding @ http://localhost:3000/_next/static/chunks/node_modules_next_dist_115brz8._.js:2432
[  258853ms] [LOG] [Fast Refresh] done in 1714ms @ http://localhost:3000/_next/static/chunks/node_modules_next_dist_115brz8._.js:2432
[  259240ms] [LOG] [Fast Refresh] rebuilding @ http://localhost:3000/_next/static/chunks/node_modules_next_dist_115brz8._.js:2432
[  259485ms] [LOG] [Fast Refresh] done in 347ms @ http://localhost:3000/_next/static/chunks/node_modules_next_dist_115brz8._.js:2432
[  261053ms] [LOG] %c[Vercel Speed Insights]%c [vitals] color: rgb(120, 120, 120) color: inherit {speed: 4g, metrics: Array(3), scriptVersion: 0.1.3, sdkName: @vercel/speed-insights/next, sdkVersion: 2.0.0} /_vercel/speed-insights/vitals @ http://localhost:3000/_next/static/chunks/node_modules_next_dist_115brz8._.js:2432
[  261054ms] [LOG] %c[Vercel Speed Insights]%c [vitals] color: rgb(120, 120, 120) color: inherit {speed: 4g, metrics: Array(1), scriptVersion: 0.1.3, sdkName: @vercel/speed-insights/next, sdkVersion: 2.0.0} /_vercel/speed-insights/vitals @ http://localhost:3000/_next/static/chunks/node_modules_next_dist_115brz8._.js:2432
[  261066ms] [ERROR] Failed to load resource: the server responded with a status of 500 (Internal Server Error) @ http://localhost:3000/cases/bf780370-abed-42fc-86a7-cb0d5180f7f3?tab=signatures:0
[  261195ms] [INFO] %cDownload the React DevTools for a better development experience: https://react.dev/link/react-devtools font-weight:bold @ http://localhost:3000/_next/static/chunks/node_modules_next_dist_115brz8._.js:2432
[  261231ms] [LOG] [HMR] connected @ http://localhost:3000/_next/static/chunks/node_modules_next_dist_115brz8._.js:2432
[  261490ms] [LOG] %c[Vercel Web Analytics]%c Debug mode is enabled by default in development. No requests will be sent to the server. color: rgb(120, 120, 120) color: inherit @ http://localhost:3000/_next/static/chunks/node_modules_next_dist_115brz8._.js:2432
[  261490ms] [LOG] %c[Vercel Web Analytics]%c [view] http://localhost:3000/cases/bf780370-abed-42fc-86a7-cb0d5180f7f3?tab=signatures color: rgb(120, 120, 120) color: inherit {o: http://localhost:3000/cases/bf780370-abed-42fc-86a7-cb0d5180f7f3?tab=signatures, sv: 0.1.3, sdkn: @vercel/analytics/react, sdkv: 2.0.1, ts: 1777069628029} /_vercel/insights/view @ http://localhost:3000/_next/static/chunks/node_modules_next_dist_115brz8._.js:2432
[  261491ms] [LOG] %c[Vercel Speed Insights]%c Debug mode is enabled by default in development. No requests will be sent to the server. color: rgb(120, 120, 120) color: inherit @ http://localhost:3000/_next/static/chunks/node_modules_next_dist_115brz8._.js:2432
[  261512ms] [WARNING] Clerk: Clerk has been loaded with development keys. Development instances have strict usage limits and should not be used when deploying your application to production. Learn more: https://clerk.com/docs/deployments/overview @ http://localhost:3000/_next/static/chunks/node_modules_next_dist_115brz8._.js:2432
[  261908ms] [LOG] [Fast Refresh] rebuilding @ http://localhost:3000/_next/static/chunks/node_modules_next_dist_115brz8._.js:2432
[  262237ms] [LOG] [Fast Refresh] done in 429ms @ http://localhost:3000/_next/static/chunks/node_modules_next_dist_115brz8._.js:2432
[  262352ms] [LOG] [Fast Refresh] rebuilding @ http://localhost:3000/_next/static/chunks/node_modules_next_dist_115brz8._.js:2432
[  262462ms] [LOG] [Fast Refresh] done in 210ms @ http://localhost:3000/_next/static/chunks/node_modules_next_dist_115brz8._.js:2432
[  262943ms] [ERROR] Failed to load resource: the server responded with a status of 500 (Internal Server Error) @ http://localhost:3000/api/trpc/timeEntries.getRunningTimer,notifications.getUnreadCount,notifications.list,users.getProfile,caseMessages.unreadByCase,documentRequests.pendingReviewCount,intakeForms.submittedCount,subscriptions.getUsage,cases.getById?batch=1&input=%7B%220%22%3A%7B%22json%22%3Anull%2C%22meta%22%3A%7B%22values%22%3A%5B%22undefined%22%5D%2C%22v%22%3A1%7D%7D%2C%221%22%3A%7B%22json%22%3Anull%2C%22meta%22%3A%7B%22values%22%3A%5B%22undefined%22%5D%2C%22v%22%3A1%7D%7D%2C%222%22%3A%7B%22json%22%3A%7B%22limit%22%3A5%2C%22filter%22%3A%22all%22%7D%7D%2C%223%22%3A%7B%22json%22%3Anull%2C%22meta%22%3A%7B%22values%22%3A%5B%22undefined%22%5D%2C%22v%22%3A1%7D%7D%2C%224%22%3A%7B%22json%22%3Anull%2C%22meta%22%3A%7B%22values%22%3A%5B%22undefined%22%5D%2C%22v%22%3A1%7D%7D%2C%225%22%3A%7B%22json%22%3Anull%2C%22meta%22%3A%7B%22values%22%3A%5B%22undefined%22%5D%2C%22v%22%3A1%7D%7D%2C%226%22%3A%7B%22json%22%3Anull%2C%22meta%22%3A%7B%22values%22%3A%5B%22undefined%22%5D%2C%22v%22%3A1%7D%7D%2C%227%22%3A%7B%22json%22%3Anull%2C%22meta%22%3A%7B%22values%22%3A%5B%22undefined%22%5D%2C%22v%22%3A1%7D%7D%2C%228%22%3A%7B%22json%22%3A%7B%22caseId%22%3A%22bf780370-abed-42fc-86a7-cb0d5180f7f3%22%7D%7D%7D:0
[  263023ms] [LOG] [Fast Refresh] rebuilding @ http://localhost:3000/_next/static/chunks/node_modules_next_dist_115brz8._.js:2432
[  263137ms] [ERROR] Failed to load resource: the server responded with a status of 500 (Internal Server Error) @ http://localhost:3000/api/notifications/stream:0
[  263141ms] [LOG] [Fast Refresh] done in 218ms @ http://localhost:3000/_next/static/chunks/node_modules_next_dist_115brz8._.js:2432
[  263862ms] [LOG] [Fast Refresh] rebuilding @ http://localhost:3000/_next/static/chunks/node_modules_next_dist_115brz8._.js:2432
[  264046ms] [LOG] [Fast Refresh] done in 285ms @ http://localhost:3000/_next/static/chunks/node_modules_next_dist_115brz8._.js:2432
[  264266ms] [ERROR] Failed to load resource: the server responded with a status of 500 (Internal Server Error) @ http://localhost:3000/api/trpc/timeEntries.getRunningTimer,notifications.getUnreadCount,notifications.list,users.getProfile?batch=1&input=%7B%220%22%3A%7B%22json%22%3Anull%2C%22meta%22%3A%7B%22values%22%3A%5B%22undefined%22%5D%2C%22v%22%3A1%7D%7D%2C%221%22%3A%7B%22json%22%3Anull%2C%22meta%22%3A%7B%22values%22%3A%5B%22undefined%22%5D%2C%22v%22%3A1%7D%7D%2C%222%22%3A%7B%22json%22%3A%7B%22limit%22%3A5%2C%22filter%22%3A%22all%22%7D%7D%2C%223%22%3A%7B%22json%22%3Anull%2C%22meta%22%3A%7B%22values%22%3A%5B%22undefined%22%5D%2C%22v%22%3A1%7D%7D%7D:0
[  264268ms] [ERROR] Failed to load resource: the server responded with a status of 500 (Internal Server Error) @ http://localhost:3000/api/trpc/caseMessages.unreadByCase,documentRequests.pendingReviewCount,intakeForms.submittedCount,subscriptions.getUsage,cases.getById?batch=1&input=%7B%220%22%3A%7B%22json%22%3Anull%2C%22meta%22%3A%7B%22values%22%3A%5B%22undefined%22%5D%2C%22v%22%3A1%7D%7D%2C%221%22%3A%7B%22json%22%3Anull%2C%22meta%22%3A%7B%22values%22%3A%5B%22undefined%22%5D%2C%22v%22%3A1%7D%7D%2C%222%22%3A%7B%22json%22%3Anull%2C%22meta%22%3A%7B%22values%22%3A%5B%22undefined%22%5D%2C%22v%22%3A1%7D%7D%2C%223%22%3A%7B%22json%22%3Anull%2C%22meta%22%3A%7B%22values%22%3A%5B%22undefined%22%5D%2C%22v%22%3A1%7D%7D%2C%224%22%3A%7B%22json%22%3A%7B%22caseId%22%3A%22bf780370-abed-42fc-86a7-cb0d5180f7f3%22%7D%7D%7D:0
[  266734ms] [ERROR] Failed to load resource: the server responded with a status of 500 (Internal Server Error) @ http://localhost:3000/api/trpc/cases.getById?batch=1&input=%7B%220%22%3A%7B%22json%22%3A%7B%22caseId%22%3A%22bf780370-abed-42fc-86a7-cb0d5180f7f3%22%7D%7D%7D:0
[  266739ms] [ERROR] Failed to load resource: the server responded with a status of 500 (Internal Server Error) @ http://localhost:3000/api/trpc/caseMessages.unreadByCase,documentRequests.pendingReviewCount,intakeForms.submittedCount,subscriptions.getUsage?batch=1&input=%7B%220%22%3A%7B%22json%22%3Anull%2C%22meta%22%3A%7B%22values%22%3A%5B%22undefined%22%5D%2C%22v%22%3A1%7D%7D%2C%221%22%3A%7B%22json%22%3Anull%2C%22meta%22%3A%7B%22values%22%3A%5B%22undefined%22%5D%2C%22v%22%3A1%7D%7D%2C%222%22%3A%7B%22json%22%3Anull%2C%22meta%22%3A%7B%22values%22%3A%5B%22undefined%22%5D%2C%22v%22%3A1%7D%7D%2C%223%22%3A%7B%22json%22%3Anull%2C%22meta%22%3A%7B%22values%22%3A%5B%22undefined%22%5D%2C%22v%22%3A1%7D%7D%7D:0
[  266747ms] [ERROR] Failed to load resource: the server responded with a status of 500 (Internal Server Error) @ http://localhost:3000/api/trpc/timeEntries.getRunningTimer,notifications.getUnreadCount,notifications.list,users.getProfile?batch=1&input=%7B%220%22%3A%7B%22json%22%3Anull%2C%22meta%22%3A%7B%22values%22%3A%5B%22undefined%22%5D%2C%22v%22%3A1%7D%7D%2C%221%22%3A%7B%22json%22%3Anull%2C%22meta%22%3A%7B%22values%22%3A%5B%22undefined%22%5D%2C%22v%22%3A1%7D%7D%2C%222%22%3A%7B%22json%22%3A%7B%22limit%22%3A5%2C%22filter%22%3A%22all%22%7D%7D%2C%223%22%3A%7B%22json%22%3Anull%2C%22meta%22%3A%7B%22values%22%3A%5B%22undefined%22%5D%2C%22v%22%3A1%7D%7D%7D:0
[  270981ms] [ERROR] Failed to load resource: the server responded with a status of 500 (Internal Server Error) @ http://localhost:3000/api/trpc/cases.getById?batch=1&input=%7B%220%22%3A%7B%22json%22%3A%7B%22caseId%22%3A%22bf780370-abed-42fc-86a7-cb0d5180f7f3%22%7D%7D%7D:0
[  270991ms] [ERROR] Failed to load resource: the server responded with a status of 500 (Internal Server Error) @ http://localhost:3000/api/trpc/caseMessages.unreadByCase,documentRequests.pendingReviewCount,intakeForms.submittedCount,subscriptions.getUsage?batch=1&input=%7B%220%22%3A%7B%22json%22%3Anull%2C%22meta%22%3A%7B%22values%22%3A%5B%22undefined%22%5D%2C%22v%22%3A1%7D%7D%2C%221%22%3A%7B%22json%22%3Anull%2C%22meta%22%3A%7B%22values%22%3A%5B%22undefined%22%5D%2C%22v%22%3A1%7D%7D%2C%222%22%3A%7B%22json%22%3Anull%2C%22meta%22%3A%7B%22values%22%3A%5B%22undefined%22%5D%2C%22v%22%3A1%7D%7D%2C%223%22%3A%7B%22json%22%3Anull%2C%22meta%22%3A%7B%22values%22%3A%5B%22undefined%22%5D%2C%22v%22%3A1%7D%7D%7D:0
[  270999ms] [ERROR] Failed to load resource: the server responded with a status of 500 (Internal Server Error) @ http://localhost:3000/api/trpc/timeEntries.getRunningTimer,notifications.getUnreadCount,notifications.list,users.getProfile?batch=1&input=%7B%220%22%3A%7B%22json%22%3Anull%2C%22meta%22%3A%7B%22values%22%3A%5B%22undefined%22%5D%2C%22v%22%3A1%7D%7D%2C%221%22%3A%7B%22json%22%3Anull%2C%22meta%22%3A%7B%22values%22%3A%5B%22undefined%22%5D%2C%22v%22%3A1%7D%7D%2C%222%22%3A%7B%22json%22%3A%7B%22limit%22%3A5%2C%22filter%22%3A%22all%22%7D%7D%2C%223%22%3A%7B%22json%22%3Anull%2C%22meta%22%3A%7B%22values%22%3A%5B%22undefined%22%5D%2C%22v%22%3A1%7D%7D%7D:0
[  301186ms] [LOG] [Fast Refresh] rebuilding @ http://localhost:3000/_next/static/chunks/node_modules_next_dist_115brz8._.js:2432
[  301258ms] [LOG] [Fast Refresh] done in 175ms @ http://localhost:3000/_next/static/chunks/node_modules_next_dist_115brz8._.js:2432
[  301552ms] [ERROR] Failed to load resource: the server responded with a status of 500 (Internal Server Error) @ http://localhost:3000/api/trpc/notifications.list?batch=1&input=%7B%220%22%3A%7B%22json%22%3A%7B%22limit%22%3A5%2C%22filter%22%3A%22all%22%7D%7D%7D:0
[  301650ms] [ERROR] Failed to load resource: the server responded with a status of 500 (Internal Server Error) @ http://localhost:3000/api/trpc/caseMessages.unreadByCase,documentRequests.pendingReviewCount,intakeForms.submittedCount,timeEntries.getRunningTimer?batch=1&input=%7B%220%22%3A%7B%22json%22%3Anull%2C%22meta%22%3A%7B%22values%22%3A%5B%22undefined%22%5D%2C%22v%22%3A1%7D%7D%2C%221%22%3A%7B%22json%22%3Anull%2C%22meta%22%3A%7B%22values%22%3A%5B%22undefined%22%5D%2C%22v%22%3A1%7D%7D%2C%222%22%3A%7B%22json%22%3Anull%2C%22meta%22%3A%7B%22values%22%3A%5B%22undefined%22%5D%2C%22v%22%3A1%7D%7D%2C%223%22%3A%7B%22json%22%3Anull%2C%22meta%22%3A%7B%22values%22%3A%5B%22undefined%22%5D%2C%22v%22%3A1%7D%7D%7D:0
[  302910ms] [ERROR] Failed to load resource: the server responded with a status of 500 (Internal Server Error) @ http://localhost:3000/api/trpc/caseMessages.unreadByCase,documentRequests.pendingReviewCount,intakeForms.submittedCount,timeEntries.getRunningTimer?batch=1&input=%7B%220%22%3A%7B%22json%22%3Anull%2C%22meta%22%3A%7B%22values%22%3A%5B%22undefined%22%5D%2C%22v%22%3A1%7D%7D%2C%221%22%3A%7B%22json%22%3Anull%2C%22meta%22%3A%7B%22values%22%3A%5B%22undefined%22%5D%2C%22v%22%3A1%7D%7D%2C%222%22%3A%7B%22json%22%3Anull%2C%22meta%22%3A%7B%22values%22%3A%5B%22undefined%22%5D%2C%22v%22%3A1%7D%7D%2C%223%22%3A%7B%22json%22%3Anull%2C%22meta%22%3A%7B%22values%22%3A%5B%22undefined%22%5D%2C%22v%22%3A1%7D%7D%7D:0
[  305323ms] [ERROR] Failed to load resource: the server responded with a status of 500 (Internal Server Error) @ http://localhost:3000/api/trpc/caseMessages.unreadByCase,documentRequests.pendingReviewCount,intakeForms.submittedCount,timeEntries.getRunningTimer?batch=1&input=%7B%220%22%3A%7B%22json%22%3Anull%2C%22meta%22%3A%7B%22values%22%3A%5B%22undefined%22%5D%2C%22v%22%3A1%7D%7D%2C%221%22%3A%7B%22json%22%3Anull%2C%22meta%22%3A%7B%22values%22%3A%5B%22undefined%22%5D%2C%22v%22%3A1%7D%7D%2C%222%22%3A%7B%22json%22%3Anull%2C%22meta%22%3A%7B%22values%22%3A%5B%22undefined%22%5D%2C%22v%22%3A1%7D%7D%2C%223%22%3A%7B%22json%22%3Anull%2C%22meta%22%3A%7B%22values%22%3A%5B%22undefined%22%5D%2C%22v%22%3A1%7D%7D%7D:0
[  307886ms] [LOG] [Fast Refresh] rebuilding @ http://localhost:3000/_next/static/chunks/node_modules_next_dist_115brz8._.js:2432
[  308128ms] [LOG] [Fast Refresh] done in 216ms @ http://localhost:3000/_next/static/chunks/node_modules_next_dist_115brz8._.js:2432
[  308771ms] [LOG] [Fast Refresh] rebuilding @ http://localhost:3000/_next/static/chunks/node_modules_next_dist_115brz8._.js:2432
[  309108ms] [LOG] [Fast Refresh] done in 438ms @ http://localhost:3000/_next/static/chunks/node_modules_next_dist_115brz8._.js:2432
[  309918ms] [LOG] [Fast Refresh] rebuilding @ http://localhost:3000/_next/static/chunks/node_modules_next_dist_115brz8._.js:2432
[  310930ms] [LOG] [Fast Refresh] done in 1114ms @ http://localhost:3000/_next/static/chunks/node_modules_next_dist_115brz8._.js:2432
[  312589ms] Error: Failed query: select "id", "clerk_id", "email", "name", "org_id", "role", "practice_areas", "state", "jurisdiction", "case_types", "plan", "subscription_status", "stripe_customer_id", "credits_used_this_month", "bio", "bar_number", "bar_state", "avatar_url", "signature_image_url", "created_at" from "users" where "users"."clerk_id" = $1 limit $2
params: user_3BxGOqt4bs5ad3Dh0QSbkOaFgbq,1
    at AppLayout (about://React/Server/file:///Users/fedorkaspirovich/ClearTerms/.next/dev/server/chunks/ssr/%5Broot-of-the-server%5D__04zel-3._.js?21:1930:20)
    at resolveErrorDev (http://localhost:3000/_next/static/chunks/node_modules_next_dist_compiled_react-server-dom-turbopack_0p3wegg._.js:1920:150)
    at processFullStringRow (http://localhost:3000/_next/static/chunks/node_modules_next_dist_compiled_react-server-dom-turbopack_0p3wegg._.js:2435:29)
    at processFullBinaryRow (http://localhost:3000/_next/static/chunks/node_modules_next_dist_compiled_react-server-dom-turbopack_0p3wegg._.js:2394:9)
    at processBinaryChunk (http://localhost:3000/_next/static/chunks/node_modules_next_dist_compiled_react-server-dom-turbopack_0p3wegg._.js:2503:221)
    at progress (http://localhost:3000/_next/static/chunks/node_modules_next_dist_compiled_react-server-dom-turbopack_0p3wegg._.js:2690:13)
[  312777ms] [LOG] [Fast Refresh] rebuilding @ http://localhost:3000/_next/static/chunks/node_modules_next_dist_115brz8._.js:2432
[  312815ms] [ERROR] Failed to load resource: the server responded with a status of 500 (Internal Server Error) @ http://localhost:3000/api/trpc/caseMessages.unreadByCase,documentRequests.pendingReviewCount,intakeForms.submittedCount,timeEntries.getRunningTimer?batch=1&input=%7B%220%22%3A%7B%22json%22%3Anull%2C%22meta%22%3A%7B%22values%22%3A%5B%22undefined%22%5D%2C%22v%22%3A1%7D%7D%2C%221%22%3A%7B%22json%22%3Anull%2C%22meta%22%3A%7B%22values%22%3A%5B%22undefined%22%5D%2C%22v%22%3A1%7D%7D%2C%222%22%3A%7B%22json%22%3Anull%2C%22meta%22%3A%7B%22values%22%3A%5B%22undefined%22%5D%2C%22v%22%3A1%7D%7D%2C%223%22%3A%7B%22json%22%3Anull%2C%22meta%22%3A%7B%22values%22%3A%5B%22undefined%22%5D%2C%22v%22%3A1%7D%7D%7D:0
[  312831ms] [LOG] [Fast Refresh] done in 155ms @ http://localhost:3000/_next/static/chunks/node_modules_next_dist_115brz8._.js:2432
[  313376ms] [LOG] [Fast Refresh] rebuilding @ http://localhost:3000/_next/static/chunks/node_modules_next_dist_115brz8._.js:2432
[  313397ms] [LOG] [Fast Refresh] done in 123ms @ http://localhost:3000/_next/static/chunks/node_modules_next_dist_115brz8._.js:2432
[  324531ms] [LOG] [Fast Refresh] rebuilding @ http://localhost:3000/_next/static/chunks/node_modules_next_dist_115brz8._.js:2432
[  324540ms] [LOG] [Fast Refresh] done in 110ms @ http://localhost:3000/_next/static/chunks/node_modules_next_dist_115brz8._.js:2432
[  368523ms] [LOG] [Fast Refresh] rebuilding @ http://localhost:3000/_next/static/chunks/node_modules_next_dist_115brz8._.js:2432
[  368544ms] [LOG] [Fast Refresh] done in 123ms @ http://localhost:3000/_next/static/chunks/node_modules_next_dist_115brz8._.js:2432
[  420952ms] [LOG] [Fast Refresh] rebuilding @ http://localhost:3000/_next/static/chunks/node_modules_next_dist_115brz8._.js:2432
[  421285ms] [LOG] [Fast Refresh] done in 227ms @ http://localhost:3000/_next/static/chunks/node_modules_next_dist_115brz8._.js:2432
[  423410ms] [LOG] %c[Vercel Speed Insights]%c [vitals] color: rgb(120, 120, 120) color: inherit {speed: 4g, metrics: Array(3), scriptVersion: 0.1.3, sdkName: @vercel/speed-insights/next, sdkVersion: 2.0.0} /_vercel/speed-insights/vitals @ http://localhost:3000/_next/static/chunks/node_modules_next_dist_115brz8._.js:2432
[  423411ms] [LOG] %c[Vercel Speed Insights]%c [vitals] color: rgb(120, 120, 120) color: inherit {speed: 4g, metrics: Array(1), scriptVersion: 0.1.3, sdkName: @vercel/speed-insights/next, sdkVersion: 2.0.0} /_vercel/speed-insights/vitals @ http://localhost:3000/_next/static/chunks/node_modules_next_dist_115brz8._.js:2432
[  423592ms] [INFO] %cDownload the React DevTools for a better development experience: https://react.dev/link/react-devtools font-weight:bold @ http://localhost:3000/_next/static/chunks/node_modules_next_dist_115brz8._.js:2432
[  423622ms] [LOG] [HMR] connected @ http://localhost:3000/_next/static/chunks/node_modules_next_dist_115brz8._.js:2432
[  423864ms] [LOG] %c[Vercel Web Analytics]%c Debug mode is enabled by default in development. No requests will be sent to the server. color: rgb(120, 120, 120) color: inherit @ http://localhost:3000/_next/static/chunks/node_modules_next_dist_115brz8._.js:2432
[  423864ms] [LOG] %c[Vercel Web Analytics]%c [view] http://localhost:3000/cases/bf780370-abed-42fc-86a7-cb0d5180f7f3?tab=signatures color: rgb(120, 120, 120) color: inherit {o: http://localhost:3000/cases/bf780370-abed-42fc-86a7-cb0d5180f7f3?tab=signatures, sv: 0.1.3, sdkn: @vercel/analytics/react, sdkv: 2.0.1, ts: 1777069790404} /_vercel/insights/view @ http://localhost:3000/_next/static/chunks/node_modules_next_dist_115brz8._.js:2432
[  423870ms] [LOG] %c[Vercel Speed Insights]%c Debug mode is enabled by default in development. No requests will be sent to the server. color: rgb(120, 120, 120) color: inherit @ http://localhost:3000/_next/static/chunks/node_modules_next_dist_115brz8._.js:2432
[  423880ms] [LOG] [Fast Refresh] rebuilding @ http://localhost:3000/_next/static/chunks/node_modules_next_dist_115brz8._.js:2432
[  423932ms] [WARNING] Clerk: Clerk has been loaded with development keys. Development instances have strict usage limits and should not be used when deploying your application to production. Learn more: https://clerk.com/docs/deployments/overview @ http://localhost:3000/_next/static/chunks/node_modules_next_dist_115brz8._.js:2432
[  424118ms] [LOG] [Fast Refresh] done in 339ms @ http://localhost:3000/_next/static/chunks/node_modules_next_dist_115brz8._.js:2432
[  425402ms] [ERROR] Failed to load resource: the server responded with a status of 500 (Internal Server Error) @ http://localhost:3000/api/notifications/stream:0
[  425405ms] [ERROR] Failed to load resource: the server responded with a status of 500 (Internal Server Error) @ http://localhost:3000/api/trpc/cases.getById?batch=1&input=%7B%220%22%3A%7B%22json%22%3A%7B%22caseId%22%3A%22bf780370-abed-42fc-86a7-cb0d5180f7f3%22%7D%7D%7D:0
[  425462ms] [ERROR] Failed to load resource: the server responded with a status of 500 (Internal Server Error) @ http://localhost:3000/api/trpc/timeEntries.getRunningTimer,notifications.getUnreadCount,notifications.list,users.getProfile,caseMessages.unreadByCase,documentRequests.pendingReviewCount,intakeForms.submittedCount,subscriptions.getUsage?batch=1&input=%7B%220%22%3A%7B%22json%22%3Anull%2C%22meta%22%3A%7B%22values%22%3A%5B%22undefined%22%5D%2C%22v%22%3A1%7D%7D%2C%221%22%3A%7B%22json%22%3Anull%2C%22meta%22%3A%7B%22values%22%3A%5B%22undefined%22%5D%2C%22v%22%3A1%7D%7D%2C%222%22%3A%7B%22json%22%3A%7B%22limit%22%3A5%2C%22filter%22%3A%22all%22%7D%7D%2C%223%22%3A%7B%22json%22%3Anull%2C%22meta%22%3A%7B%22values%22%3A%5B%22undefined%22%5D%2C%22v%22%3A1%7D%7D%2C%224%22%3A%7B%22json%22%3Anull%2C%22meta%22%3A%7B%22values%22%3A%5B%22undefined%22%5D%2C%22v%22%3A1%7D%7D%2C%225%22%3A%7B%22json%22%3Anull%2C%22meta%22%3A%7B%22values%22%3A%5B%22undefined%22%5D%2C%22v%22%3A1%7D%7D%2C%226%22%3A%7B%22json%22%3Anull%2C%22meta%22%3A%7B%22values%22%3A%5B%22undefined%22%5D%2C%22v%22%3A1%7D%7D%2C%227%22%3A%7B%22json%22%3Anull%2C%22meta%22%3A%7B%22values%22%3A%5B%22undefined%22%5D%2C%22v%22%3A1%7D%7D%7D:0
[  426875ms] [LOG] [Fast Refresh] rebuilding @ http://localhost:3000/_next/static/chunks/node_modules_next_dist_115brz8._.js:2432
[  426883ms] [LOG] [Fast Refresh] done in 109ms @ http://localhost:3000/_next/static/chunks/node_modules_next_dist_115brz8._.js:2432
[  426947ms] [ERROR] Failed to load resource: the server responded with a status of 500 (Internal Server Error) @ http://localhost:3000/api/trpc/cases.getById?batch=1&input=%7B%220%22%3A%7B%22json%22%3A%7B%22caseId%22%3A%22bf780370-abed-42fc-86a7-cb0d5180f7f3%22%7D%7D%7D:0
[  427023ms] [ERROR] Failed to load resource: the server responded with a status of 500 (Internal Server Error) @ http://localhost:3000/api/trpc/timeEntries.getRunningTimer?batch=1&input=%7B%220%22%3A%7B%22json%22%3Anull%2C%22meta%22%3A%7B%22values%22%3A%5B%22undefined%22%5D%2C%22v%22%3A1%7D%7D%7D:0
[  427057ms] [ERROR] Failed to load resource: the server responded with a status of 500 (Internal Server Error) @ http://localhost:3000/api/trpc/notifications.getUnreadCount,notifications.list,users.getProfile,caseMessages.unreadByCase,documentRequests.pendingReviewCount,intakeForms.submittedCount?batch=1&input=%7B%220%22%3A%7B%22json%22%3Anull%2C%22meta%22%3A%7B%22values%22%3A%5B%22undefined%22%5D%2C%22v%22%3A1%7D%7D%2C%221%22%3A%7B%22json%22%3A%7B%22limit%22%3A5%2C%22filter%22%3A%22all%22%7D%7D%2C%222%22%3A%7B%22json%22%3Anull%2C%22meta%22%3A%7B%22values%22%3A%5B%22undefined%22%5D%2C%22v%22%3A1%7D%7D%2C%223%22%3A%7B%22json%22%3Anull%2C%22meta%22%3A%7B%22values%22%3A%5B%22undefined%22%5D%2C%22v%22%3A1%7D%7D%2C%224%22%3A%7B%22json%22%3Anull%2C%22meta%22%3A%7B%22values%22%3A%5B%22undefined%22%5D%2C%22v%22%3A1%7D%7D%2C%225%22%3A%7B%22json%22%3Anull%2C%22meta%22%3A%7B%22values%22%3A%5B%22undefined%22%5D%2C%22v%22%3A1%7D%7D%7D:0
[  427071ms] [ERROR] Failed to load resource: the server responded with a status of 500 (Internal Server Error) @ http://localhost:3000/api/trpc/subscriptions.getUsage?batch=1&input=%7B%220%22%3A%7B%22json%22%3Anull%2C%22meta%22%3A%7B%22values%22%3A%5B%22undefined%22%5D%2C%22v%22%3A1%7D%7D%7D:0
[  428381ms] [LOG] [Fast Refresh] rebuilding @ http://localhost:3000/_next/static/chunks/node_modules_next_dist_115brz8._.js:2432
[  428993ms] [LOG] [Fast Refresh] done in 663ms @ http://localhost:3000/_next/static/chunks/node_modules_next_dist_115brz8._.js:2432
[  429370ms] [LOG] [Fast Refresh] rebuilding @ http://localhost:3000/_next/static/chunks/node_modules_next_dist_115brz8._.js:2432
[  429617ms] [LOG] [Fast Refresh] done in 348ms @ http://localhost:3000/_next/static/chunks/node_modules_next_dist_115brz8._.js:2432
[  429747ms] [LOG] [Fast Refresh] rebuilding @ http://localhost:3000/_next/static/chunks/node_modules_next_dist_115brz8._.js:2432
[  430547ms] [LOG] [Fast Refresh] done in 900ms @ http://localhost:3000/_next/static/chunks/node_modules_next_dist_115brz8._.js:2432
[  430903ms] [ERROR] Failed to load resource: the server responded with a status of 500 (Internal Server Error) @ http://localhost:3000/api/trpc/notifications.getUnreadCount,notifications.list,users.getProfile,caseMessages.unreadByCase?batch=1&input=%7B%220%22%3A%7B%22json%22%3Anull%2C%22meta%22%3A%7B%22values%22%3A%5B%22undefined%22%5D%2C%22v%22%3A1%7D%7D%2C%221%22%3A%7B%22json%22%3A%7B%22limit%22%3A5%2C%22filter%22%3A%22all%22%7D%7D%2C%222%22%3A%7B%22json%22%3Anull%2C%22meta%22%3A%7B%22values%22%3A%5B%22undefined%22%5D%2C%22v%22%3A1%7D%7D%2C%223%22%3A%7B%22json%22%3Anull%2C%22meta%22%3A%7B%22values%22%3A%5B%22undefined%22%5D%2C%22v%22%3A1%7D%7D%7D:0
[  430909ms] [ERROR] Failed to load resource: the server responded with a status of 500 (Internal Server Error) @ http://localhost:3000/api/trpc/timeEntries.getRunningTimer?batch=1&input=%7B%220%22%3A%7B%22json%22%3Anull%2C%22meta%22%3A%7B%22values%22%3A%5B%22undefined%22%5D%2C%22v%22%3A1%7D%7D%7D:0
[  431079ms] [ERROR] Failed to load resource: the server responded with a status of 500 (Internal Server Error) @ http://localhost:3000/api/trpc/cases.getById?batch=1&input=%7B%220%22%3A%7B%22json%22%3A%7B%22caseId%22%3A%22bf780370-abed-42fc-86a7-cb0d5180f7f3%22%7D%7D%7D:0
[  431144ms] [ERROR] Failed to load resource: the server responded with a status of 500 (Internal Server Error) @ http://localhost:3000/api/trpc/subscriptions.getUsage?batch=1&input=%7B%220%22%3A%7B%22json%22%3Anull%2C%22meta%22%3A%7B%22values%22%3A%5B%22undefined%22%5D%2C%22v%22%3A1%7D%7D%7D:0
[  431146ms] [ERROR] Failed to load resource: the server responded with a status of 500 (Internal Server Error) @ http://localhost:3000/api/trpc/documentRequests.pendingReviewCount,intakeForms.submittedCount?batch=1&input=%7B%220%22%3A%7B%22json%22%3Anull%2C%22meta%22%3A%7B%22values%22%3A%5B%22undefined%22%5D%2C%22v%22%3A1%7D%7D%2C%221%22%3A%7B%22json%22%3Anull%2C%22meta%22%3A%7B%22values%22%3A%5B%22undefined%22%5D%2C%22v%22%3A1%7D%7D%7D:0
[  431443ms] Error: Failed query: select "id", "clerk_id", "email", "name", "org_id", "role", "practice_areas", "state", "jurisdiction", "case_types", "plan", "subscription_status", "stripe_customer_id", "credits_used_this_month", "bio", "bar_number", "bar_state", "avatar_url", "signature_image_url", "created_at" from "users" where "users"."clerk_id" = $1 limit $2
params: user_3BxGOqt4bs5ad3Dh0QSbkOaFgbq,1
    at AppLayout (about://React/Server/file:///Users/fedorkaspirovich/ClearTerms/.next/dev/server/chunks/ssr/%5Broot-of-the-server%5D__04zel-3._.js?21:1930:20)
    at resolveErrorDev (http://localhost:3000/_next/static/chunks/node_modules_next_dist_compiled_react-server-dom-turbopack_0p3wegg._.js:1920:150)
    at processFullStringRow (http://localhost:3000/_next/static/chunks/node_modules_next_dist_compiled_react-server-dom-turbopack_0p3wegg._.js:2435:29)
    at processFullBinaryRow (http://localhost:3000/_next/static/chunks/node_modules_next_dist_compiled_react-server-dom-turbopack_0p3wegg._.js:2394:9)
    at processBinaryChunk (http://localhost:3000/_next/static/chunks/node_modules_next_dist_compiled_react-server-dom-turbopack_0p3wegg._.js:2503:221)
    at progress (http://localhost:3000/_next/static/chunks/node_modules_next_dist_compiled_react-server-dom-turbopack_0p3wegg._.js:2690:13)
[  576807ms] [LOG] [Fast Refresh] rebuilding @ http://localhost:3000/_next/static/chunks/node_modules_next_dist_115brz8._.js:2432
[  576832ms] [LOG] [Fast Refresh] done in 127ms @ http://localhost:3000/_next/static/chunks/node_modules_next_dist_115brz8._.js:2432
[  791352ms] [LOG] [Fast Refresh] rebuilding @ http://localhost:3000/_next/static/chunks/node_modules_next_dist_115brz8._.js:2432
[  791383ms] [LOG] [Fast Refresh] done in 132ms @ http://localhost:3000/_next/static/chunks/node_modules_next_dist_115brz8._.js:2432
[  802060ms] [LOG] [Fast Refresh] rebuilding @ http://localhost:3000/_next/static/chunks/node_modules_next_dist_115brz8._.js:2432
[  802202ms] [LOG] [Fast Refresh] done in 245ms @ http://localhost:3000/_next/static/chunks/node_modules_next_dist_115brz8._.js:2432
[  808864ms] [LOG] [Fast Refresh] rebuilding @ http://localhost:3000/_next/static/chunks/node_modules_next_dist_115brz8._.js:2432
[  808882ms] [LOG] [Fast Refresh] done in 119ms @ http://localhost:3000/_next/static/chunks/node_modules_next_dist_115brz8._.js:2432
[  818194ms] [LOG] [Fast Refresh] rebuilding @ http://localhost:3000/_next/static/chunks/node_modules_next_dist_115brz8._.js:2432
[  818241ms] [LOG] [Fast Refresh] done in 149ms @ http://localhost:3000/_next/static/chunks/node_modules_next_dist_115brz8._.js:2432
[  930166ms] [LOG] [Fast Refresh] rebuilding @ http://localhost:3000/_next/static/chunks/node_modules_next_dist_115brz8._.js:2432
[  931054ms] [LOG] [Fast Refresh] done in 989ms @ http://localhost:3000/_next/static/chunks/node_modules_next_dist_115brz8._.js:2432
[ 1038579ms] [LOG] [Fast Refresh] rebuilding @ http://localhost:3000/_next/static/chunks/node_modules_next_dist_115brz8._.js:2432
[ 1038700ms] [LOG] [Fast Refresh] done in 222ms @ http://localhost:3000/_next/static/chunks/node_modules_next_dist_115brz8._.js:2432
[ 1042520ms] [LOG] [Fast Refresh] rebuilding @ http://localhost:3000/_next/static/chunks/node_modules_next_dist_115brz8._.js:2432
[ 1042605ms] [LOG] [Fast Refresh] done in 187ms @ http://localhost:3000/_next/static/chunks/node_modules_next_dist_115brz8._.js:2432
[ 1051679ms] [LOG] [Fast Refresh] rebuilding @ http://localhost:3000/_next/static/chunks/node_modules_next_dist_115brz8._.js:2432
[ 1051933ms] [LOG] [Fast Refresh] done in 356ms @ http://localhost:3000/_next/static/chunks/node_modules_next_dist_115brz8._.js:2432
[ 1055220ms] [LOG] [Fast Refresh] rebuilding @ http://localhost:3000/_next/static/chunks/node_modules_next_dist_115brz8._.js:2432
[ 1061199ms] [LOG] [Fast Refresh] done in 1666ms @ http://localhost:3000/_next/static/chunks/node_modules_next_dist_115brz8._.js:2432
[ 1061698ms] [LOG] [Fast Refresh] rebuilding @ http://localhost:3000/_next/static/chunks/node_modules_next_dist_115brz8._.js:2432
[ 1063555ms] [LOG] [Fast Refresh] done in 1958ms @ http://localhost:3000/_next/static/chunks/node_modules_next_dist_115brz8._.js:2432
[ 1066880ms] [LOG] %c[Vercel Speed Insights]%c [vitals] color: rgb(120, 120, 120) color: inherit {speed: 4g, metrics: Array(3), scriptVersion: 0.1.3, sdkName: @vercel/speed-insights/next, sdkVersion: 2.0.0} /_vercel/speed-insights/vitals @ http://localhost:3000/_next/static/chunks/node_modules_next_dist_115brz8._.js:2432
[ 1066886ms] [LOG] %c[Vercel Speed Insights]%c [vitals] color: rgb(120, 120, 120) color: inherit {speed: 4g, metrics: Array(1), scriptVersion: 0.1.3, sdkName: @vercel/speed-insights/next, sdkVersion: 2.0.0} /_vercel/speed-insights/vitals @ http://localhost:3000/_next/static/chunks/node_modules_next_dist_115brz8._.js:2432
[ 1067101ms] [INFO] %cDownload the React DevTools for a better development experience: https://react.dev/link/react-devtools font-weight:bold @ http://localhost:3000/_next/static/chunks/node_modules_next_dist_115brz8._.js:2432
[ 1067311ms] [LOG] [HMR] connected @ http://localhost:3000/_next/static/chunks/node_modules_next_dist_115brz8._.js:2432
[ 1067399ms] [LOG] %c[Vercel Web Analytics]%c Debug mode is enabled by default in development. No requests will be sent to the server. color: rgb(120, 120, 120) color: inherit @ http://localhost:3000/_next/static/chunks/node_modules_next_dist_115brz8._.js:2432
[ 1067399ms] [LOG] %c[Vercel Web Analytics]%c [view] http://localhost:3000/cases/bf780370-abed-42fc-86a7-cb0d5180f7f3?tab=signatures color: rgb(120, 120, 120) color: inherit {o: http://localhost:3000/cases/bf780370-abed-42fc-86a7-cb0d5180f7f3?tab=signatures, sv: 0.1.3, sdkn: @vercel/analytics/react, sdkv: 2.0.1, ts: 1777070433938} /_vercel/insights/view @ http://localhost:3000/_next/static/chunks/node_modules_next_dist_115brz8._.js:2432
[ 1067414ms] [LOG] %c[Vercel Speed Insights]%c Debug mode is enabled by default in development. No requests will be sent to the server. color: rgb(120, 120, 120) color: inherit @ http://localhost:3000/_next/static/chunks/node_modules_next_dist_115brz8._.js:2432
[ 1067450ms] [WARNING] Clerk: Clerk has been loaded with development keys. Development instances have strict usage limits and should not be used when deploying your application to production. Learn more: https://clerk.com/docs/deployments/overview @ http://localhost:3000/_next/static/chunks/node_modules_next_dist_115brz8._.js:2432
[ 1067818ms] [LOG] [Fast Refresh] rebuilding @ http://localhost:3000/_next/static/chunks/node_modules_next_dist_115brz8._.js:2432
[ 1071292ms] [LOG] [Fast Refresh] done in 3575ms @ http://localhost:3000/_next/static/chunks/node_modules_next_dist_115brz8._.js:2432
[ 1071634ms] [ERROR] Failed to load resource: the server responded with a status of 500 (Internal Server Error) @ http://localhost:3000/api/notifications/stream:0
[ 1071636ms] [ERROR] Failed to load resource: the server responded with a status of 500 (Internal Server Error) @ http://localhost:3000/api/trpc/cases.getById?batch=1&input=%7B%220%22%3A%7B%22json%22%3A%7B%22caseId%22%3A%22bf780370-abed-42fc-86a7-cb0d5180f7f3%22%7D%7D%7D:0
[ 1073651ms] [ERROR] Failed to load resource: the server responded with a status of 500 (Internal Server Error) @ http://localhost:3000/api/trpc/intakeForms.submittedCount,subscriptions.getUsage?batch=1&input=%7B%220%22%3A%7B%22json%22%3Anull%2C%22meta%22%3A%7B%22values%22%3A%5B%22undefined%22%5D%2C%22v%22%3A1%7D%7D%2C%221%22%3A%7B%22json%22%3Anull%2C%22meta%22%3A%7B%22values%22%3A%5B%22undefined%22%5D%2C%22v%22%3A1%7D%7D%7D:0
[ 1075891ms] [ERROR] Failed to load resource: the server responded with a status of 500 (Internal Server Error) @ http://localhost:3000/api/trpc/intakeForms.submittedCount,subscriptions.getUsage?batch=1&input=%7B%220%22%3A%7B%22json%22%3Anull%2C%22meta%22%3A%7B%22values%22%3A%5B%22undefined%22%5D%2C%22v%22%3A1%7D%7D%2C%221%22%3A%7B%22json%22%3Anull%2C%22meta%22%3A%7B%22values%22%3A%5B%22undefined%22%5D%2C%22v%22%3A1%7D%7D%7D:0
[ 1076100ms] [ERROR] Failed to load resource: the server responded with a status of 500 (Internal Server Error) @ http://localhost:3000/api/trpc/notifications.list,caseMessages.unreadByCase,documentRequests.pendingReviewCount?batch=1&input=%7B%220%22%3A%7B%22json%22%3A%7B%22limit%22%3A5%2C%22filter%22%3A%22all%22%7D%7D%2C%221%22%3A%7B%22json%22%3Anull%2C%22meta%22%3A%7B%22values%22%3A%5B%22undefined%22%5D%2C%22v%22%3A1%7D%7D%2C%222%22%3A%7B%22json%22%3Anull%2C%22meta%22%3A%7B%22values%22%3A%5B%22undefined%22%5D%2C%22v%22%3A1%7D%7D%7D:0
[ 1077367ms] [LOG] [Fast Refresh] rebuilding @ http://localhost:3000/_next/static/chunks/node_modules_next_dist_115brz8._.js:2432
[ 1077443ms] [LOG] [Fast Refresh] done in 178ms @ http://localhost:3000/_next/static/chunks/node_modules_next_dist_115brz8._.js:2432
[ 1078318ms] [ERROR] Failed to load resource: the server responded with a status of 500 (Internal Server Error) @ http://localhost:3000/api/trpc/caseSignatures.list?batch=1&input=%7B%220%22%3A%7B%22json%22%3A%7B%22caseId%22%3A%22bf780370-abed-42fc-86a7-cb0d5180f7f3%22%7D%7D%7D:0
[ 1080454ms] [ERROR] Failed to load resource: the server responded with a status of 500 (Internal Server Error) @ http://localhost:3000/api/trpc/notifications.list,caseMessages.unreadByCase,documentRequests.pendingReviewCount?batch=1&input=%7B%220%22%3A%7B%22json%22%3A%7B%22limit%22%3A5%2C%22filter%22%3A%22all%22%7D%7D%2C%221%22%3A%7B%22json%22%3Anull%2C%22meta%22%3A%7B%22values%22%3A%5B%22undefined%22%5D%2C%22v%22%3A1%7D%7D%2C%222%22%3A%7B%22json%22%3Anull%2C%22meta%22%3A%7B%22values%22%3A%5B%22undefined%22%5D%2C%22v%22%3A1%7D%7D%7D:0
[ 1081425ms] [LOG] [Fast Refresh] rebuilding @ http://localhost:3000/_next/static/chunks/node_modules_next_dist_115brz8._.js:2432
[ 1081448ms] [LOG] [Fast Refresh] done in 126ms @ http://localhost:3000/_next/static/chunks/node_modules_next_dist_115brz8._.js:2432
[ 1082636ms] [LOG] [Fast Refresh] rebuilding @ http://localhost:3000/_next/static/chunks/node_modules_next_dist_115brz8._.js:2432
[ 1082798ms] [LOG] [Fast Refresh] done in 264ms @ http://localhost:3000/_next/static/chunks/node_modules_next_dist_115brz8._.js:2432
[ 1082885ms] [ERROR] Failed to load resource: the server responded with a status of 500 (Internal Server Error) @ http://localhost:3000/api/trpc/caseSignatures.list?batch=1&input=%7B%220%22%3A%7B%22json%22%3A%7B%22caseId%22%3A%22bf780370-abed-42fc-86a7-cb0d5180f7f3%22%7D%7D%7D:0
[ 1100953ms] [LOG] [Fast Refresh] rebuilding @ http://localhost:3000/_next/static/chunks/node_modules_next_dist_115brz8._.js:2432
[ 1101744ms] [LOG] [Fast Refresh] done in 896ms @ http://localhost:3000/_next/static/chunks/node_modules_next_dist_115brz8._.js:2432
[ 1111137ms] [ERROR] Failed to load resource: the server responded with a status of 500 (Internal Server Error) @ http://localhost:3000/api/trpc/caseMessages.unreadByCase,documentRequests.pendingReviewCount?batch=1&input=%7B%220%22%3A%7B%22json%22%3Anull%2C%22meta%22%3A%7B%22values%22%3A%5B%22undefined%22%5D%2C%22v%22%3A1%7D%7D%2C%221%22%3A%7B%22json%22%3Anull%2C%22meta%22%3A%7B%22values%22%3A%5B%22undefined%22%5D%2C%22v%22%3A1%7D%7D%7D:0
[ 1111202ms] [ERROR] Failed to load resource: the server responded with a status of 500 (Internal Server Error) @ http://localhost:3000/api/trpc/intakeForms.submittedCount?batch=1&input=%7B%220%22%3A%7B%22json%22%3Anull%2C%22meta%22%3A%7B%22values%22%3A%5B%22undefined%22%5D%2C%22v%22%3A1%7D%7D%7D:0
[ 1112693ms] [ERROR] Failed to load resource: the server responded with a status of 500 (Internal Server Error) @ http://localhost:3000/api/trpc/caseMessages.unreadByCase,documentRequests.pendingReviewCount?batch=1&input=%7B%220%22%3A%7B%22json%22%3Anull%2C%22meta%22%3A%7B%22values%22%3A%5B%22undefined%22%5D%2C%22v%22%3A1%7D%7D%2C%221%22%3A%7B%22json%22%3Anull%2C%22meta%22%3A%7B%22values%22%3A%5B%22undefined%22%5D%2C%22v%22%3A1%7D%7D%7D:0
[ 1119339ms] [ERROR] Failed to load resource: the server responded with a status of 500 (Internal Server Error) @ http://localhost:3000/api/trpc/caseMessages.unreadByCase?batch=1&input=%7B%220%22%3A%7B%22json%22%3Anull%2C%22meta%22%3A%7B%22values%22%3A%5B%22undefined%22%5D%2C%22v%22%3A1%7D%7D%7D:0
[ 1149593ms] [ERROR] Failed to load resource: the server responded with a status of 500 (Internal Server Error) @ http://localhost:3000/api/trpc/caseMessages.unreadByCase?batch=1&input=%7B%220%22%3A%7B%22json%22%3Anull%2C%22meta%22%3A%7B%22values%22%3A%5B%22undefined%22%5D%2C%22v%22%3A1%7D%7D%7D:0
[ 1150962ms] [ERROR] Failed to load resource: the server responded with a status of 500 (Internal Server Error) @ http://localhost:3000/api/trpc/caseMessages.unreadByCase?batch=1&input=%7B%220%22%3A%7B%22json%22%3Anull%2C%22meta%22%3A%7B%22values%22%3A%5B%22undefined%22%5D%2C%22v%22%3A1%7D%7D%7D:0
[ 1153296ms] [ERROR] Failed to load resource: the server responded with a status of 500 (Internal Server Error) @ http://localhost:3000/api/trpc/caseMessages.unreadByCase?batch=1&input=%7B%220%22%3A%7B%22json%22%3Anull%2C%22meta%22%3A%7B%22values%22%3A%5B%22undefined%22%5D%2C%22v%22%3A1%7D%7D%7D:0
[ 1157566ms] [ERROR] Failed to load resource: the server responded with a status of 500 (Internal Server Error) @ http://localhost:3000/api/trpc/caseMessages.unreadByCase?batch=1&input=%7B%220%22%3A%7B%22json%22%3Anull%2C%22meta%22%3A%7B%22values%22%3A%5B%22undefined%22%5D%2C%22v%22%3A1%7D%7D%7D:0
[ 1163431ms] [LOG] [Fast Refresh] rebuilding @ http://localhost:3000/_next/static/chunks/node_modules_next_dist_115brz8._.js:2432
[ 1163685ms] [LOG] [Fast Refresh] done in 356ms @ http://localhost:3000/_next/static/chunks/node_modules_next_dist_115brz8._.js:2432
[ 1166240ms] [LOG] [Fast Refresh] rebuilding @ http://localhost:3000/_next/static/chunks/node_modules_next_dist_115brz8._.js:2432
[ 1166321ms] [LOG] [Fast Refresh] done in 181ms @ http://localhost:3000/_next/static/chunks/node_modules_next_dist_115brz8._.js:2432
[ 1167272ms] [LOG] [Fast Refresh] rebuilding @ http://localhost:3000/_next/static/chunks/node_modules_next_dist_115brz8._.js:2432
[ 1167925ms] [LOG] [Fast Refresh] done in 705ms @ http://localhost:3000/_next/static/chunks/node_modules_next_dist_115brz8._.js:2432
[ 1168621ms] [LOG] [Fast Refresh] rebuilding @ http://localhost:3000/_next/static/chunks/node_modules_next_dist_115brz8._.js:2432
[ 1169932ms] [LOG] [Fast Refresh] done in 1411ms @ http://localhost:3000/_next/static/chunks/node_modules_next_dist_115brz8._.js:2432
[ 1172107ms] [LOG] [Fast Refresh] rebuilding @ http://localhost:3000/_next/static/chunks/node_modules_next_dist_115brz8._.js:2432
[ 1172194ms] [LOG] [Fast Refresh] done in 187ms @ http://localhost:3000/_next/static/chunks/node_modules_next_dist_115brz8._.js:2432
[ 1176937ms] [LOG] [Fast Refresh] rebuilding @ http://localhost:3000/_next/static/chunks/node_modules_next_dist_115brz8._.js:2432
[ 1177422ms] [LOG] [Fast Refresh] done in 586ms @ http://localhost:3000/_next/static/chunks/node_modules_next_dist_115brz8._.js:2432
[ 1178712ms] [ERROR] Failed to load resource: the server responded with a status of 500 (Internal Server Error) @ http://localhost:3000/api/trpc/notifications.list?batch=1&input=%7B%220%22%3A%7B%22json%22%3A%7B%22limit%22%3A5%2C%22filter%22%3A%22all%22%7D%7D%7D:0
[ 1179477ms] [LOG] [Fast Refresh] rebuilding @ http://localhost:3000/_next/static/chunks/node_modules_next_dist_115brz8._.js:2432
[ 1179805ms] [LOG] [Fast Refresh] done in 430ms @ http://localhost:3000/_next/static/chunks/node_modules_next_dist_115brz8._.js:2432
[ 1181206ms] [ERROR] Failed to load resource: the server responded with a status of 500 (Internal Server Error) @ http://localhost:3000/api/trpc/intakeForms.submittedCount?batch=1&input=%7B%220%22%3A%7B%22json%22%3Anull%2C%22meta%22%3A%7B%22values%22%3A%5B%22undefined%22%5D%2C%22v%22%3A1%7D%7D%7D:0
[ 1181479ms] [LOG] [Fast Refresh] rebuilding @ http://localhost:3000/_next/static/chunks/node_modules_next_dist_115brz8._.js:2432
[ 1181592ms] [LOG] [Fast Refresh] done in 214ms @ http://localhost:3000/_next/static/chunks/node_modules_next_dist_115brz8._.js:2432
[ 1182139ms] [LOG] [Fast Refresh] rebuilding @ http://localhost:3000/_next/static/chunks/node_modules_next_dist_115brz8._.js:2432
[ 1182464ms] [ERROR] Failed to load resource: the server responded with a status of 500 (Internal Server Error) @ http://localhost:3000/api/trpc/notifications.list?batch=1&input=%7B%220%22%3A%7B%22json%22%3A%7B%22limit%22%3A5%2C%22filter%22%3A%22all%22%7D%7D%7D:0
[ 1182787ms] Error: Failed query: select "id", "clerk_id", "email", "name", "org_id", "role", "practice_areas", "state", "jurisdiction", "case_types", "plan", "subscription_status", "stripe_customer_id", "credits_used_this_month", "bio", "bar_number", "bar_state", "avatar_url", "signature_image_url", "created_at" from "users" where "users"."clerk_id" = $1 limit $2
params: user_3BxGOqt4bs5ad3Dh0QSbkOaFgbq,1
    at AppLayout (about://React/Server/file:///Users/fedorkaspirovich/ClearTerms/.next/dev/server/chunks/ssr/%5Broot-of-the-server%5D__03pqw-b._.js?21:2169:20)
    at resolveErrorDev (http://localhost:3000/_next/static/chunks/node_modules_next_dist_compiled_react-server-dom-turbopack_0p3wegg._.js:1920:150)
    at processFullStringRow (http://localhost:3000/_next/static/chunks/node_modules_next_dist_compiled_react-server-dom-turbopack_0p3wegg._.js:2435:29)
    at processFullBinaryRow (http://localhost:3000/_next/static/chunks/node_modules_next_dist_compiled_react-server-dom-turbopack_0p3wegg._.js:2394:9)
    at processBinaryChunk (http://localhost:3000/_next/static/chunks/node_modules_next_dist_compiled_react-server-dom-turbopack_0p3wegg._.js:2503:221)
    at progress (http://localhost:3000/_next/static/chunks/node_modules_next_dist_compiled_react-server-dom-turbopack_0p3wegg._.js:2690:13)
[ 1182758ms] [ERROR] Failed to load resource: the server responded with a status of 500 (Internal Server Error) @ http://localhost:3000/api/trpc/intakeForms.submittedCount?batch=1&input=%7B%220%22%3A%7B%22json%22%3Anull%2C%22meta%22%3A%7B%22values%22%3A%5B%22undefined%22%5D%2C%22v%22%3A1%7D%7D%7D:0
[ 1182881ms] [LOG] [Fast Refresh] done in 843ms @ http://localhost:3000/_next/static/chunks/node_modules_next_dist_115brz8._.js:2432
[ 1388619ms] [LOG] [Fast Refresh] rebuilding @ http://localhost:3000/_next/static/chunks/node_modules_next_dist_115brz8._.js:2432
[ 1388856ms] [LOG] [Fast Refresh] done in 340ms @ http://localhost:3000/_next/static/chunks/node_modules_next_dist_115brz8._.js:2432
[ 1397724ms] [LOG] [Fast Refresh] rebuilding @ http://localhost:3000/_next/static/chunks/node_modules_next_dist_115brz8._.js:2432
[ 1397725ms] [LOG] [Fast Refresh] done in 103ms @ http://localhost:3000/_next/static/chunks/node_modules_next_dist_115brz8._.js:2432
[ 1434531ms] [LOG] [Fast Refresh] rebuilding @ http://localhost:3000/_next/static/chunks/node_modules_next_dist_115brz8._.js:2432
[ 1434660ms] [LOG] [Fast Refresh] done in 230ms @ http://localhost:3000/_next/static/chunks/node_modules_next_dist_115brz8._.js:2432
[ 1442510ms] [LOG] [Fast Refresh] rebuilding @ http://localhost:3000/_next/static/chunks/node_modules_next_dist_115brz8._.js:2432
[ 1443027ms] [LOG] [Fast Refresh] done in 616ms @ http://localhost:3000/_next/static/chunks/node_modules_next_dist_115brz8._.js:2432
[ 1443820ms] [LOG] [Fast Refresh] rebuilding @ http://localhost:3000/_next/static/chunks/node_modules_next_dist_115brz8._.js:2432
[ 1445224ms] [LOG] [Fast Refresh] done in 1505ms @ http://localhost:3000/_next/static/chunks/node_modules_next_dist_115brz8._.js:2432
[ 1448087ms] [LOG] %c[Vercel Speed Insights]%c [vitals] color: rgb(120, 120, 120) color: inherit {speed: 4g, metrics: Array(3), scriptVersion: 0.1.3, sdkName: @vercel/speed-insights/next, sdkVersion: 2.0.0} /_vercel/speed-insights/vitals @ http://localhost:3000/_next/static/chunks/node_modules_next_dist_115brz8._.js:2432
[ 1448090ms] [LOG] %c[Vercel Speed Insights]%c [vitals] color: rgb(120, 120, 120) color: inherit {speed: 4g, metrics: Array(1), scriptVersion: 0.1.3, sdkName: @vercel/speed-insights/next, sdkVersion: 2.0.0} /_vercel/speed-insights/vitals @ http://localhost:3000/_next/static/chunks/node_modules_next_dist_115brz8._.js:2432
[ 1448411ms] [INFO] %cDownload the React DevTools for a better development experience: https://react.dev/link/react-devtools font-weight:bold @ http://localhost:3000/_next/static/chunks/node_modules_next_dist_115brz8._.js:2432
[ 1448707ms] [LOG] [HMR] connected @ http://localhost:3000/_next/static/chunks/node_modules_next_dist_115brz8._.js:2432
[ 1448874ms] [LOG] %c[Vercel Web Analytics]%c Debug mode is enabled by default in development. No requests will be sent to the server. color: rgb(120, 120, 120) color: inherit @ http://localhost:3000/_next/static/chunks/node_modules_next_dist_115brz8._.js:2432
[ 1448874ms] [LOG] %c[Vercel Web Analytics]%c [view] http://localhost:3000/cases/bf780370-abed-42fc-86a7-cb0d5180f7f3?tab=signatures color: rgb(120, 120, 120) color: inherit {o: http://localhost:3000/cases/bf780370-abed-42fc-86a7-cb0d5180f7f3?tab=signatures, sv: 0.1.3, sdkn: @vercel/analytics/react, sdkv: 2.0.1, ts: 1777070815414} /_vercel/insights/view @ http://localhost:3000/_next/static/chunks/node_modules_next_dist_115brz8._.js:2432
[ 1448876ms] [WARNING] Clerk: Clerk has been loaded with development keys. Development instances have strict usage limits and should not be used when deploying your application to production. Learn more: https://clerk.com/docs/deployments/overview @ http://localhost:3000/_next/static/chunks/node_modules_next_dist_115brz8._.js:2432
[ 1448889ms] [LOG] %c[Vercel Speed Insights]%c Debug mode is enabled by default in development. No requests will be sent to the server. color: rgb(120, 120, 120) color: inherit @ http://localhost:3000/_next/static/chunks/node_modules_next_dist_115brz8._.js:2432
[ 1449108ms] [LOG] [Fast Refresh] rebuilding @ http://localhost:3000/_next/static/chunks/node_modules_next_dist_115brz8._.js:2432
[ 1451240ms] [LOG] [Fast Refresh] done in 2232ms @ http://localhost:3000/_next/static/chunks/node_modules_next_dist_115brz8._.js:2432
[ 1456974ms] [LOG] [Fast Refresh] rebuilding @ http://localhost:3000/_next/static/chunks/node_modules_next_dist_115brz8._.js:2432
[ 1457388ms] [LOG] [Fast Refresh] done in 504ms @ http://localhost:3000/_next/static/chunks/node_modules_next_dist_115brz8._.js:2432
[ 1457770ms] [LOG] [Fast Refresh] rebuilding @ http://localhost:3000/_next/static/chunks/node_modules_next_dist_115brz8._.js:2432
[ 1457993ms] [LOG] [Fast Refresh] done in 324ms @ http://localhost:3000/_next/static/chunks/node_modules_next_dist_115brz8._.js:2432
[ 1458552ms] [LOG] [Fast Refresh] rebuilding @ http://localhost:3000/_next/static/chunks/node_modules_next_dist_115brz8._.js:2432
[ 1458979ms] [LOG] [Fast Refresh] done in 527ms @ http://localhost:3000/_next/static/chunks/node_modules_next_dist_115brz8._.js:2432
[ 1459269ms] [LOG] [Fast Refresh] rebuilding @ http://localhost:3000/_next/static/chunks/node_modules_next_dist_115brz8._.js:2432
[ 1459502ms] [LOG] [Fast Refresh] done in 333ms @ http://localhost:3000/_next/static/chunks/node_modules_next_dist_115brz8._.js:2432
[ 1460318ms] [LOG] [Fast Refresh] rebuilding @ http://localhost:3000/_next/static/chunks/node_modules_next_dist_115brz8._.js:2432
[ 1461220ms] [LOG] [Fast Refresh] done in 1001ms @ http://localhost:3000/_next/static/chunks/node_modules_next_dist_115brz8._.js:2432
[ 1461484ms] [LOG] [Fast Refresh] rebuilding @ http://localhost:3000/_next/static/chunks/node_modules_next_dist_115brz8._.js:2432
[ 1461506ms] [LOG] [Fast Refresh] done in 124ms @ http://localhost:3000/_next/static/chunks/node_modules_next_dist_115brz8._.js:2432
[ 1462049ms] [LOG] [Fast Refresh] rebuilding @ http://localhost:3000/_next/static/chunks/node_modules_next_dist_115brz8._.js:2432
[ 1463290ms] [LOG] [Fast Refresh] done in 1341ms @ http://localhost:3000/_next/static/chunks/node_modules_next_dist_115brz8._.js:2432
[ 1463595ms] Error: Failed query: select "id", "clerk_id", "email", "name", "org_id", "role", "practice_areas", "state", "jurisdiction", "case_types", "plan", "subscription_status", "stripe_customer_id", "credits_used_this_month", "bio", "bar_number", "bar_state", "avatar_url", "signature_image_url", "created_at" from "users" where "users"."clerk_id" = $1 limit $2
params: user_3BxGOqt4bs5ad3Dh0QSbkOaFgbq,1
    at  AppLayout (about://React/Server/file:///Users/fedorkaspirovich/ClearTerms/.next/dev/server/chunks/ssr/%5Broot-of-the-server%5D__03pqw-b._.js?23:2169:20)
    at resolveErrorDev (http://localhost:3000/_next/static/chunks/node_modules_next_dist_compiled_react-server-dom-turbopack_0p3wegg._.js:1920:150)
    at processFullStringRow (http://localhost:3000/_next/static/chunks/node_modules_next_dist_compiled_react-server-dom-turbopack_0p3wegg._.js:2435:29)
    at processFullBinaryRow (http://localhost:3000/_next/static/chunks/node_modules_next_dist_compiled_react-server-dom-turbopack_0p3wegg._.js:2394:9)
    at processBinaryChunk (http://localhost:3000/_next/static/chunks/node_modules_next_dist_compiled_react-server-dom-turbopack_0p3wegg._.js:2503:221)
    at progress (http://localhost:3000/_next/static/chunks/node_modules_next_dist_compiled_react-server-dom-turbopack_0p3wegg._.js:2690:13)
[ 1499093ms] [LOG] [Fast Refresh] rebuilding @ http://localhost:3000/_next/static/chunks/node_modules_next_dist_115brz8._.js:2432
[ 1499496ms] [WARNING] [Fast Refresh] performing full reload because your application had an unrecoverable error @ http://localhost:3000/_next/static/chunks/node_modules_next_dist_115brz8._.js:2432
[ 1499518ms] [LOG] [Fast Refresh] done in 499ms @ http://localhost:3000/_next/static/chunks/node_modules_next_dist_115brz8._.js:2432
[ 1500376ms] [LOG] [Fast Refresh] rebuilding @ http://localhost:3000/_next/static/chunks/node_modules_next_dist_115brz8._.js:2432
[ 1500632ms] [LOG] [Fast Refresh] done in 357ms @ http://localhost:3000/_next/static/chunks/node_modules_next_dist_115brz8._.js:2432
[ 1500912ms] [LOG] %c[Vercel Speed Insights]%c [vitals] color: rgb(120, 120, 120) color: inherit {speed: 4g, metrics: Array(3), scriptVersion: 0.1.3, sdkName: @vercel/speed-insights/next, sdkVersion: 2.0.0} /_vercel/speed-insights/vitals @ http://localhost:3000/_next/static/chunks/node_modules_next_dist_115brz8._.js:2432
[ 1500912ms] [LOG] %c[Vercel Speed Insights]%c [vitals] color: rgb(120, 120, 120) color: inherit {speed: 4g, metrics: Array(1), scriptVersion: 0.1.3, sdkName: @vercel/speed-insights/next, sdkVersion: 2.0.0} /_vercel/speed-insights/vitals @ http://localhost:3000/_next/static/chunks/node_modules_next_dist_115brz8._.js:2432
[ 1500919ms] [ERROR] Failed to load resource: the server responded with a status of 500 (Internal Server Error) @ http://localhost:3000/cases/bf780370-abed-42fc-86a7-cb0d5180f7f3?tab=signatures:0
[ 1501003ms] [INFO] %cDownload the React DevTools for a better development experience: https://react.dev/link/react-devtools font-weight:bold @ http://localhost:3000/_next/static/chunks/node_modules_next_dist_115brz8._.js:2432
[ 1501046ms] [LOG] [HMR] connected @ http://localhost:3000/_next/static/chunks/node_modules_next_dist_115brz8._.js:2432
[ 1501119ms] Error: Failed query: select "id", "clerk_id", "email", "name", "org_id", "role", "practice_areas", "state", "jurisdiction", "case_types", "plan", "subscription_status", "stripe_customer_id", "credits_used_this_month", "bio", "bar_number", "bar_state", "avatar_url", "signature_image_url", "created_at" from "users" where "users"."clerk_id" = $1 limit $2
params: user_3BxGOqt4bs5ad3Dh0QSbkOaFgbq,1
    at  AppLayout (about://React/Server/file:///Users/fedorkaspirovich/ClearTerms/.next/dev/server/chunks/ssr/%5Broot-of-the-server%5D__03pqw-b._.js?0:2169:20)
    at resolveErrorDev (http://localhost:3000/_next/static/chunks/node_modules_next_dist_compiled_react-server-dom-turbopack_0p3wegg._.js:1920:105)
    at processFullStringRow (http://localhost:3000/_next/static/chunks/node_modules_next_dist_compiled_react-server-dom-turbopack_0p3wegg._.js:2435:29)
    at processFullBinaryRow (http://localhost:3000/_next/static/chunks/node_modules_next_dist_compiled_react-server-dom-turbopack_0p3wegg._.js:2394:9)
    at processBinaryChunk (http://localhost:3000/_next/static/chunks/node_modules_next_dist_compiled_react-server-dom-turbopack_0p3wegg._.js:2503:221)
    at progress (http://localhost:3000/_next/static/chunks/node_modules_next_dist_compiled_react-server-dom-turbopack_0p3wegg._.js:2690:13)
[ 1501195ms] [LOG] [Fast Refresh] rebuilding @ http://localhost:3000/_next/static/chunks/node_modules_next_dist_115brz8._.js:2432
[ 1501264ms] [LOG] [Fast Refresh] done in 203ms @ http://localhost:3000/_next/static/chunks/node_modules_next_dist_115brz8._.js:2432
[ 1501372ms] [WARNING] Clerk: Clerk has been loaded with development keys. Development instances have strict usage limits and should not be used when deploying your application to production. Learn more: https://clerk.com/docs/deployments/overview @ http://localhost:3000/_next/static/chunks/node_modules_next_dist_115brz8._.js:2432
[ 1506391ms] [LOG] [Fast Refresh] rebuilding @ http://localhost:3000/_next/static/chunks/node_modules_next_dist_115brz8._.js:2432
[ 1507720ms] [LOG] [Fast Refresh] done in 1028ms @ http://localhost:3000/_next/static/chunks/node_modules_next_dist_115brz8._.js:2432
[ 1508860ms] [ERROR] Failed to load resource: the server responded with a status of 500 (Internal Server Error) @ http://localhost:3000/cases/bf780370-abed-42fc-86a7-cb0d5180f7f3?tab=signatures:0
[ 1509058ms] [INFO] %cDownload the React DevTools for a better development experience: https://react.dev/link/react-devtools font-weight:bold @ http://localhost:3000/_next/static/chunks/node_modules_next_dist_115brz8._.js:2432
[ 1509080ms] [LOG] [HMR] connected @ http://localhost:3000/_next/static/chunks/node_modules_next_dist_115brz8._.js:2432
[ 1509361ms] Error: Failed query: select "id", "clerk_id", "email", "name", "org_id", "role", "practice_areas", "state", "jurisdiction", "case_types", "plan", "subscription_status", "stripe_customer_id", "credits_used_this_month", "bio", "bar_number", "bar_state", "avatar_url", "signature_image_url", "created_at" from "users" where "users"."clerk_id" = $1 limit $2
params: user_3BxGOqt4bs5ad3Dh0QSbkOaFgbq,1
    at  AppLayout (about://React/Server/file:///Users/fedorkaspirovich/ClearTerms/.next/dev/server/chunks/ssr/%5Broot-of-the-server%5D__03pqw-b._.js?14:2169:20)
    at resolveErrorDev (http://localhost:3000/_next/static/chunks/node_modules_next_dist_compiled_react-server-dom-turbopack_0p3wegg._.js:1920:150)
    at processFullStringRow (http://localhost:3000/_next/static/chunks/node_modules_next_dist_compiled_react-server-dom-turbopack_0p3wegg._.js:2435:29)
    at processFullBinaryRow (http://localhost:3000/_next/static/chunks/node_modules_next_dist_compiled_react-server-dom-turbopack_0p3wegg._.js:2394:9)
    at processBinaryChunk (http://localhost:3000/_next/static/chunks/node_modules_next_dist_compiled_react-server-dom-turbopack_0p3wegg._.js:2503:221)
    at progress (http://localhost:3000/_next/static/chunks/node_modules_next_dist_compiled_react-server-dom-turbopack_0p3wegg._.js:2690:13)
[ 1509317ms] [WARNING] Clerk: Clerk has been loaded with development keys. Development instances have strict usage limits and should not be used when deploying your application to production. Learn more: https://clerk.com/docs/deployments/overview @ http://localhost:3000/_next/static/chunks/node_modules_next_dist_115brz8._.js:2432
[ 1509327ms] [LOG] [Fast Refresh] rebuilding @ http://localhost:3000/_next/static/chunks/node_modules_next_dist_115brz8._.js:2432
[ 1509370ms] [LOG] [Fast Refresh] done in 150ms @ http://localhost:3000/_next/static/chunks/node_modules_next_dist_115brz8._.js:2432
[ 1535880ms] [LOG] [Fast Refresh] rebuilding @ http://localhost:3000/_next/static/chunks/node_modules_next_dist_115brz8._.js:2432
[ 1535917ms] [LOG] [Fast Refresh] done in 140ms @ http://localhost:3000/_next/static/chunks/node_modules_next_dist_115brz8._.js:2432
[ 1539427ms] [LOG] [Fast Refresh] rebuilding @ http://localhost:3000/_next/static/chunks/node_modules_next_dist_115brz8._.js:2432
[ 1539509ms] [WARNING] [Fast Refresh] performing full reload because your application had an unrecoverable error @ http://localhost:3000/_next/static/chunks/node_modules_next_dist_115brz8._.js:2432
[ 1539512ms] [LOG] [Fast Refresh] done in 181ms @ http://localhost:3000/_next/static/chunks/node_modules_next_dist_115brz8._.js:2432
[ 1540235ms] [ERROR] Failed to load resource: the server responded with a status of 500 (Internal Server Error) @ http://localhost:3000/cases/bf780370-abed-42fc-86a7-cb0d5180f7f3?tab=signatures:0
[ 1540461ms] [INFO] %cDownload the React DevTools for a better development experience: https://react.dev/link/react-devtools font-weight:bold @ http://localhost:3000/_next/static/chunks/node_modules_next_dist_115brz8._.js:2432
[ 1540487ms] [LOG] [HMR] connected @ http://localhost:3000/_next/static/chunks/node_modules_next_dist_115brz8._.js:2432
[ 1540547ms] Error: Failed query: select "id", "clerk_id", "email", "name", "org_id", "role", "practice_areas", "state", "jurisdiction", "case_types", "plan", "subscription_status", "stripe_customer_id", "credits_used_this_month", "bio", "bar_number", "bar_state", "avatar_url", "signature_image_url", "created_at" from "users" where "users"."clerk_id" = $1 limit $2
params: user_3BxGOqt4bs5ad3Dh0QSbkOaFgbq,1
    at  AppLayout (about://React/Server/file:///Users/fedorkaspirovich/ClearTerms/.next/dev/server/chunks/ssr/%5Broot-of-the-server%5D__03pqw-b._.js?14:2169:20)
    at resolveErrorDev (http://localhost:3000/_next/static/chunks/node_modules_next_dist_compiled_react-server-dom-turbopack_0p3wegg._.js:1920:150)
    at processFullStringRow (http://localhost:3000/_next/static/chunks/node_modules_next_dist_compiled_react-server-dom-turbopack_0p3wegg._.js:2435:29)
    at processFullBinaryRow (http://localhost:3000/_next/static/chunks/node_modules_next_dist_compiled_react-server-dom-turbopack_0p3wegg._.js:2394:9)
    at processBinaryChunk (http://localhost:3000/_next/static/chunks/node_modules_next_dist_compiled_react-server-dom-turbopack_0p3wegg._.js:2503:221)
    at progress (http://localhost:3000/_next/static/chunks/node_modules_next_dist_compiled_react-server-dom-turbopack_0p3wegg._.js:2690:13)
[ 1540627ms] [LOG] [Fast Refresh] rebuilding @ http://localhost:3000/_next/static/chunks/node_modules_next_dist_115brz8._.js:2432
[ 1540627ms] [LOG] [Fast Refresh] done in 102ms @ http://localhost:3000/_next/static/chunks/node_modules_next_dist_115brz8._.js:2432
[ 1540721ms] [WARNING] Clerk: Clerk has been loaded with development keys. Development instances have strict usage limits and should not be used when deploying your application to production. Learn more: https://clerk.com/docs/deployments/overview @ http://localhost:3000/_next/static/chunks/node_modules_next_dist_115brz8._.js:2432
[ 1629042ms] [LOG] [Fast Refresh] rebuilding @ http://localhost:3000/_next/static/chunks/node_modules_next_dist_115brz8._.js:2432
[ 1629072ms] [LOG] [Fast Refresh] done in 131ms @ http://localhost:3000/_next/static/chunks/node_modules_next_dist_115brz8._.js:2432
[ 1633018ms] [LOG] [Fast Refresh] rebuilding @ http://localhost:3000/_next/static/chunks/node_modules_next_dist_115brz8._.js:2432
[ 1633081ms] [WARNING] [Fast Refresh] performing full reload because your application had an unrecoverable error @ http://localhost:3000/_next/static/chunks/node_modules_next_dist_115brz8._.js:2432
[ 1633441ms] [ERROR] ./src/components/cases/emails/emails-tab.tsx:40:1
Unexpected token. Did you mean `{'}'}` or `&rbrace;`?
  38 |     </div>
  39 |   );
> 40 | }
     | ^
  41 |

Parsing ecmascript source code failed

Import traces:
  Client Component Browser:
    ./src/components/cases/emails/emails-tab.tsx [Client Component Browser]
    ./src/app/(app)/cases/[id]/page.tsx [Client Component Browser]
    ./src/app/(app)/cases/[id]/page.tsx [Server Component]

  Client Component SSR:
    ./src/components/cases/emails/emails-tab.tsx [Client Component SSR]
    ./src/app/(app)/cases/[id]/page.tsx [Client Component SSR]
    ./src/app/(app)/cases/[id]/page.tsx [Server Component] @ http://localhost:3000/_next/static/chunks/node_modules_next_dist_115brz8._.js:3273
[ 1633465ms] [ERROR] ./src/components/cases/emails/emails-tab.tsx:40:1
Unexpected token. Did you mean `{'}'}` or `&rbrace;`?
  38 |     </div>
  39 |   );
> 40 | }
     | ^
  41 |

Parsing ecmascript source code failed

Import traces:
  Client Component Browser:
    ./src/components/cases/emails/emails-tab.tsx [Client Component Browser]
    ./src/app/(app)/cases/[id]/page.tsx [Client Component Browser]
    ./src/app/(app)/cases/[id]/page.tsx [Server Component]

  Client Component SSR:
    ./src/components/cases/emails/emails-tab.tsx [Client Component SSR]
    ./src/app/(app)/cases/[id]/page.tsx [Client Component SSR]
    ./src/app/(app)/cases/[id]/page.tsx [Server Component] @ http://localhost:3000/_next/static/chunks/node_modules_next_dist_115brz8._.js:3273
[ 1633511ms] [ERROR] ./src/components/cases/emails/emails-tab.tsx:40:1
Unexpected token. Did you mean `{'}'}` or `&rbrace;`?
  38 |     </div>
  39 |   );
> 40 | }
     | ^
  41 |

Parsing ecmascript source code failed

Import traces:
  Client Component Browser:
    ./src/components/cases/emails/emails-tab.tsx [Client Component Browser]
    ./src/app/(app)/cases/[id]/page.tsx [Client Component Browser]
    ./src/app/(app)/cases/[id]/page.tsx [Server Component]

  Client Component SSR:
    ./src/components/cases/emails/emails-tab.tsx [Client Component SSR]
    ./src/app/(app)/cases/[id]/page.tsx [Client Component SSR]
    ./src/app/(app)/cases/[id]/page.tsx [Server Component] @ http://localhost:3000/_next/static/chunks/node_modules_next_dist_115brz8._.js:3273
[ 1633591ms] [ERROR] ./src/components/cases/emails/emails-tab.tsx:40:1
Unexpected token. Did you mean `{'}'}` or `&rbrace;`?
  38 |     </div>
  39 |   );
> 40 | }
     | ^
  41 |

Parsing ecmascript source code failed

Import traces:
  Client Component Browser:
    ./src/components/cases/emails/emails-tab.tsx [Client Component Browser]
    ./src/app/(app)/cases/[id]/page.tsx [Client Component Browser]
    ./src/app/(app)/cases/[id]/page.tsx [Server Component]

  Client Component SSR:
    ./src/components/cases/emails/emails-tab.tsx [Client Component SSR]
    ./src/app/(app)/cases/[id]/page.tsx [Client Component SSR]
    ./src/app/(app)/cases/[id]/page.tsx [Server Component] @ http://localhost:3000/_next/static/chunks/node_modules_next_dist_115brz8._.js:3273
[ 1633598ms] [ERROR] Failed to load resource: the server responded with a status of 500 (Internal Server Error) @ http://localhost:3000/cases/bf780370-abed-42fc-86a7-cb0d5180f7f3?tab=signatures:0
[ 1633660ms] [ERROR] Refused to execute script from 'http://localhost:3000/_next/static/development/_clientMiddlewareManifest.js' because its MIME type ('application/json') is not executable, and strict MIME type checking is enabled. @ http://localhost:3000/cases/bf780370-abed-42fc-86a7-cb0d5180f7f3?tab=signatures:0
[ 1633704ms] [INFO] %cDownload the React DevTools for a better development experience: https://react.dev/link/react-devtools font-weight:bold @ http://localhost:3000/_next/static/chunks/node_modules_react-dom_0bruynb._.js:15306
[ 1633747ms] Error: ./src/components/cases/emails/emails-tab.tsx:40:1
Unexpected token. Did you mean `{'}'}` or `&rbrace;`?
  38 |     </div>
  39 |   );
> 40 | }
     | ^
  41 |

Parsing ecmascript source code failed

Import traces:
  Client Component Browser:
    ./src/components/cases/emails/emails-tab.tsx [Client Component Browser]
    ./src/app/(app)/cases/[id]/page.tsx [Client Component Browser]
    ./src/app/(app)/cases/[id]/page.tsx [Server Component]

  Client Component SSR:
    ./src/components/cases/emails/emails-tab.tsx [Client Component SSR]
    ./src/app/(app)/cases/[id]/page.tsx [Client Component SSR]
    ./src/app/(app)/cases/[id]/page.tsx [Server Component]


    at <unknown> (Error: ./src/components/cases/emails/emails-tab.tsx:40:1)
    at Object.getCompilationErrors (file:///Users/fedorkaspirovich/ClearTerms/node_modules/next/dist/server/dev/hot-reloader-turbopack.js:1186:59)
    at DevBundlerService.getCompilationError (file:///Users/fedorkaspirovich/ClearTerms/node_modules/next/dist/server/lib/dev-bundler-service.js:44:55)
    at DevServer.getCompilationError (file:///Users/fedorkaspirovich/ClearTerms/node_modules/next/dist/server/dev/next-dev-server.js:719:42)
    at DevServer.findPageComponents (file:///Users/fedorkaspirovich/ClearTerms/node_modules/next/dist/server/dev/next-dev-server.js:689:43)
    at async DevServer.renderErrorToResponseImpl (file:///Users/fedorkaspirovich/ClearTerms/node_modules/next/dist/server/base-server.js:1745:26)
[ 1633746ms] [LOG] [HMR] connected @ http://localhost:3000/_next/static/chunks/node_modules_next_dist_13rdevn._.js:1381
[ 1633748ms] [ERROR] ./src/components/cases/emails/emails-tab.tsx:40:1
Unexpected token. Did you mean `{'}'}` or `&rbrace;`?
  38 |     </div>
  39 |   );
> 40 | }
     | ^
  41 |

Parsing ecmascript source code failed

Import traces:
  Client Component Browser:
    ./src/components/cases/emails/emails-tab.tsx [Client Component Browser]
    ./src/app/(app)/cases/[id]/page.tsx [Client Component Browser]
    ./src/app/(app)/cases/[id]/page.tsx [Server Component]

  Client Component SSR:
    ./src/components/cases/emails/emails-tab.tsx [Client Component SSR]
    ./src/app/(app)/cases/[id]/page.tsx [Client Component SSR]
    ./src/app/(app)/cases/[id]/page.tsx [Server Component] @ http://localhost:3000/_next/static/chunks/node_modules_next_dist_13rdevn._.js:2100
[ 1633792ms] [ERROR] ./src/components/cases/emails/emails-tab.tsx:40:1
Unexpected token. Did you mean `{'}'}` or `&rbrace;`?
  38 |     </div>
  39 |   );
> 40 | }
     | ^
  41 |

Parsing ecmascript source code failed

Import traces:
  Client Component Browser:
    ./src/components/cases/emails/emails-tab.tsx [Client Component Browser]
    ./src/app/(app)/cases/[id]/page.tsx [Client Component Browser]
    ./src/app/(app)/cases/[id]/page.tsx [Server Component]

  Client Component SSR:
    ./src/components/cases/emails/emails-tab.tsx [Client Component SSR]
    ./src/app/(app)/cases/[id]/page.tsx [Client Component SSR]
    ./src/app/(app)/cases/[id]/page.tsx [Server Component] @ http://localhost:3000/_next/static/chunks/node_modules_next_dist_13rdevn._.js:2100
[ 1633877ms] [ERROR] ./src/components/cases/emails/emails-tab.tsx:40:1
Unexpected token. Did you mean `{'}'}` or `&rbrace;`?
  38 |     </div>
  39 |   );
> 40 | }
     | ^
  41 |

Parsing ecmascript source code failed

Import traces:
  Client Component Browser:
    ./src/components/cases/emails/emails-tab.tsx [Client Component Browser]
    ./src/app/(app)/cases/[id]/page.tsx [Client Component Browser]
    ./src/app/(app)/cases/[id]/page.tsx [Server Component]

  Client Component SSR:
    ./src/components/cases/emails/emails-tab.tsx [Client Component SSR]
    ./src/app/(app)/cases/[id]/page.tsx [Client Component SSR]
    ./src/app/(app)/cases/[id]/page.tsx [Server Component] @ http://localhost:3000/_next/static/chunks/node_modules_next_dist_13rdevn._.js:2100
[ 1633895ms] [LOG] [Fast Refresh] rebuilding @ http://localhost:3000/_next/static/chunks/node_modules_next_dist_13rdevn._.js:1381
[ 1634298ms] [LOG] [Fast Refresh] rebuilding @ http://localhost:3000/_next/static/chunks/node_modules_next_dist_13rdevn._.js:1381
[ 1634759ms] [LOG] [Fast Refresh] done in 178ms @ http://localhost:3000/_next/static/chunks/node_modules_next_dist_13rdevn._.js:1381
[ 1648791ms] [ERROR] Failed to load resource: the server responded with a status of 500 (Internal Server Error) @ http://localhost:3000/cases/bf780370-abed-42fc-86a7-cb0d5180f7f3?tab=signatures:0
[ 1648852ms] [INFO] %cDownload the React DevTools for a better development experience: https://react.dev/link/react-devtools font-weight:bold @ http://localhost:3000/_next/static/chunks/node_modules_next_dist_115brz8._.js:2432
[ 1648925ms] [LOG] [HMR] connected @ http://localhost:3000/_next/static/chunks/node_modules_next_dist_115brz8._.js:2432
[ 1649049ms] Error: Failed query: select "id", "clerk_id", "email", "name", "org_id", "role", "practice_areas", "state", "jurisdiction", "case_types", "plan", "subscription_status", "stripe_customer_id", "credits_used_this_month", "bio", "bar_number", "bar_state", "avatar_url", "signature_image_url", "created_at" from "users" where "users"."clerk_id" = $1 limit $2
params: user_3BxGOqt4bs5ad3Dh0QSbkOaFgbq,1
    at  AppLayout (about://React/Server/file:///Users/fedorkaspirovich/ClearTerms/.next/dev/server/chunks/ssr/%5Broot-of-the-server%5D__03pqw-b._.js?0:2169:20)
    at resolveErrorDev (http://localhost:3000/_next/static/chunks/node_modules_next_dist_compiled_react-server-dom-turbopack_0p3wegg._.js:1920:105)
    at processFullStringRow (http://localhost:3000/_next/static/chunks/node_modules_next_dist_compiled_react-server-dom-turbopack_0p3wegg._.js:2435:29)
    at processFullBinaryRow (http://localhost:3000/_next/static/chunks/node_modules_next_dist_compiled_react-server-dom-turbopack_0p3wegg._.js:2394:9)
    at processBinaryChunk (http://localhost:3000/_next/static/chunks/node_modules_next_dist_compiled_react-server-dom-turbopack_0p3wegg._.js:2503:221)
    at progress (http://localhost:3000/_next/static/chunks/node_modules_next_dist_compiled_react-server-dom-turbopack_0p3wegg._.js:2690:13)
[ 1649116ms] [LOG] [Fast Refresh] rebuilding @ http://localhost:3000/_next/static/chunks/node_modules_next_dist_115brz8._.js:2432
[ 1649226ms] [WARNING] Clerk: Clerk has been loaded with development keys. Development instances have strict usage limits and should not be used when deploying your application to production. Learn more: https://clerk.com/docs/deployments/overview @ http://localhost:3000/_next/static/chunks/node_modules_next_dist_115brz8._.js:2432
[ 1649282ms] [LOG] [Fast Refresh] done in 270ms @ http://localhost:3000/_next/static/chunks/node_modules_next_dist_115brz8._.js:2432
[ 1715558ms] [LOG] [Fast Refresh] rebuilding @ http://localhost:3000/_next/static/chunks/node_modules_next_dist_115brz8._.js:2432
[ 1716666ms] [LOG] [Fast Refresh] done in 1210ms @ http://localhost:3000/_next/static/chunks/node_modules_next_dist_115brz8._.js:2432
[ 1722298ms] [LOG] [Fast Refresh] rebuilding @ http://localhost:3000/_next/static/chunks/node_modules_next_dist_115brz8._.js:2432
[ 1722325ms] [LOG] [Fast Refresh] done in 128ms @ http://localhost:3000/_next/static/chunks/node_modules_next_dist_115brz8._.js:2432
[ 1834274ms] [LOG] [Fast Refresh] rebuilding @ http://localhost:3000/_next/static/chunks/node_modules_next_dist_115brz8._.js:2432
[ 1834948ms] [LOG] [Fast Refresh] done in 776ms @ http://localhost:3000/_next/static/chunks/node_modules_next_dist_115brz8._.js:2432
[ 1839322ms] [LOG] [Fast Refresh] rebuilding @ http://localhost:3000/_next/static/chunks/node_modules_next_dist_115brz8._.js:2432
[ 1839366ms] [LOG] [Fast Refresh] done in 145ms @ http://localhost:3000/_next/static/chunks/node_modules_next_dist_115brz8._.js:2432
[ 1852642ms] [LOG] [Fast Refresh] rebuilding @ http://localhost:3000/_next/static/chunks/node_modules_next_dist_115brz8._.js:2432
[ 1852668ms] [LOG] [Fast Refresh] done in 129ms @ http://localhost:3000/_next/static/chunks/node_modules_next_dist_115brz8._.js:2432
[ 1860279ms] [LOG] [Fast Refresh] rebuilding @ http://localhost:3000/_next/static/chunks/node_modules_next_dist_115brz8._.js:2432
[ 1860332ms] [LOG] [Fast Refresh] done in 155ms @ http://localhost:3000/_next/static/chunks/node_modules_next_dist_115brz8._.js:2432
[ 1878060ms] [LOG] [Fast Refresh] rebuilding @ http://localhost:3000/_next/static/chunks/node_modules_next_dist_115brz8._.js:2432
[ 1878122ms] [LOG] [Fast Refresh] done in 165ms @ http://localhost:3000/_next/static/chunks/node_modules_next_dist_115brz8._.js:2432
[ 1881404ms] [LOG] [Fast Refresh] rebuilding @ http://localhost:3000/_next/static/chunks/node_modules_next_dist_115brz8._.js:2432
[ 1881444ms] [LOG] [Fast Refresh] done in 142ms @ http://localhost:3000/_next/static/chunks/node_modules_next_dist_115brz8._.js:2432
[ 1890761ms] [LOG] [Fast Refresh] rebuilding @ http://localhost:3000/_next/static/chunks/node_modules_next_dist_115brz8._.js:2432
[ 1890764ms] [LOG] [Fast Refresh] done in 104ms @ http://localhost:3000/_next/static/chunks/node_modules_next_dist_115brz8._.js:2432
[ 1941610ms] [LOG] [Fast Refresh] rebuilding @ http://localhost:3000/_next/static/chunks/node_modules_next_dist_115brz8._.js:2432
[ 1941651ms] [LOG] [Fast Refresh] done in 143ms @ http://localhost:3000/_next/static/chunks/node_modules_next_dist_115brz8._.js:2432
[ 1962839ms] [LOG] [Fast Refresh] rebuilding @ http://localhost:3000/_next/static/chunks/node_modules_next_dist_115brz8._.js:2432
[ 1962866ms] [LOG] [Fast Refresh] done in 130ms @ http://localhost:3000/_next/static/chunks/node_modules_next_dist_115brz8._.js:2432
[ 2016944ms] [LOG] [Fast Refresh] rebuilding @ http://localhost:3000/_next/static/chunks/node_modules_next_dist_115brz8._.js:2432
[ 2016951ms] [LOG] [Fast Refresh] done in 109ms @ http://localhost:3000/_next/static/chunks/node_modules_next_dist_115brz8._.js:2432
[ 2079808ms] [LOG] [Fast Refresh] rebuilding @ http://localhost:3000/_next/static/chunks/node_modules_next_dist_115brz8._.js:2432
[ 2079811ms] [LOG] [Fast Refresh] done in 106ms @ http://localhost:3000/_next/static/chunks/node_modules_next_dist_115brz8._.js:2432
[ 2161802ms] [LOG] [Fast Refresh] rebuilding @ http://localhost:3000/_next/static/chunks/node_modules_next_dist_115brz8._.js:2432
[ 2161915ms] [LOG] [Fast Refresh] done in 216ms @ http://localhost:3000/_next/static/chunks/node_modules_next_dist_115brz8._.js:2432
[ 2892720ms] [LOG] [Fast Refresh] rebuilding @ http://localhost:3000/_next/static/chunks/node_modules_next_dist_115brz8._.js:2432
[ 2892759ms] [LOG] [Fast Refresh] done in 141ms @ http://localhost:3000/_next/static/chunks/node_modules_next_dist_115brz8._.js:2432
[ 3040649ms] [LOG] [Fast Refresh] rebuilding @ http://localhost:3000/_next/static/chunks/node_modules_next_dist_115brz8._.js:2432
[ 3040675ms] [LOG] [Fast Refresh] done in 129ms @ http://localhost:3000/_next/static/chunks/node_modules_next_dist_115brz8._.js:2432
[ 3339828ms] [LOG] [Fast Refresh] rebuilding @ http://localhost:3000/_next/static/chunks/node_modules_next_dist_115brz8._.js:2432
[ 3341805ms] [LOG] [Fast Refresh] done in 2082ms @ http://localhost:3000/_next/static/chunks/node_modules_next_dist_115brz8._.js:2432
[ 3651549ms] [LOG] [Fast Refresh] rebuilding @ http://localhost:3000/_next/static/chunks/node_modules_next_dist_115brz8._.js:2432
[ 3651558ms] [LOG] [Fast Refresh] done in 125ms @ http://localhost:3000/_next/static/chunks/node_modules_next_dist_115brz8._.js:2432
