[     503ms] [LOG] %c[Vercel Speed Insights]%c [vitals] color: rgb(120, 120, 120) color: inherit {speed: 4g, metrics: Array(3), scriptVersion: 0.1.3, sdkName: @vercel/speed-insights/next, sdkVersion: 2.0.0} /_vercel/speed-insights/vitals @ http://localhost:3000/_next/static/chunks/0827_next_dist_0l18y0t._.js:2432
[     507ms] [LOG] %c[Vercel Speed Insights]%c [vitals] color: rgb(120, 120, 120) color: inherit {speed: 4g, metrics: Array(1), scriptVersion: 0.1.3, sdkName: @vercel/speed-insights/next, sdkVersion: 2.0.0} /_vercel/speed-insights/vitals @ http://localhost:3000/_next/static/chunks/0827_next_dist_0l18y0t._.js:2432
[     566ms] [INFO] %cDownload the React DevTools for a better development experience: https://react.dev/link/react-devtools font-weight:bold @ http://localhost:3000/_next/static/chunks/0827_next_dist_0l18y0t._.js:2432
[     584ms] [LOG] [HMR] connected @ http://localhost:3000/_next/static/chunks/0827_next_dist_0l18y0t._.js:2432
[     687ms] [LOG] %c[Vercel Web Analytics]%c Debug mode is enabled by default in development. No requests will be sent to the server. color: rgb(120, 120, 120) color: inherit @ http://localhost:3000/_next/static/chunks/0827_next_dist_0l18y0t._.js:2432
[     687ms] [LOG] %c[Vercel Web Analytics]%c [view] http://localhost:3000/dashboard color: rgb(120, 120, 120) color: inherit {o: http://localhost:3000/dashboard, sv: 0.1.3, sdkn: @vercel/analytics/react, sdkv: 2.0.1, ts: 1775574756898} /_vercel/insights/view @ http://localhost:3000/_next/static/chunks/0827_next_dist_0l18y0t._.js:2432
[     689ms] [LOG] %c[Vercel Speed Insights]%c Debug mode is enabled by default in development. No requests will be sent to the server. color: rgb(120, 120, 120) color: inherit @ http://localhost:3000/_next/static/chunks/0827_next_dist_0l18y0t._.js:2432
[     702ms] [LOG] [Fast Refresh] rebuilding @ http://localhost:3000/_next/static/chunks/0827_next_dist_0l18y0t._.js:2432
[     852ms] [WARNING] Clerk: Clerk has been loaded with development keys. Development instances have strict usage limits and should not be used when deploying your application to production. Learn more: https://clerk.com/docs/deployments/overview @ http://localhost:3000/_next/static/chunks/0827_next_dist_0l18y0t._.js:2432
[     916ms] [LOG] [Fast Refresh] done in 315ms @ http://localhost:3000/_next/static/chunks/0827_next_dist_0l18y0t._.js:2432
[ 1370174ms] [LOG] [Fast Refresh] rebuilding @ http://localhost:3000/_next/static/chunks/0827_next_dist_0l18y0t._.js:2432
[ 1370245ms] [LOG] [Fast Refresh] done in 173ms @ http://localhost:3000/_next/static/chunks/0827_next_dist_0l18y0t._.js:2432
[ 1383707ms] [LOG] [Fast Refresh] rebuilding @ http://localhost:3000/_next/static/chunks/0827_next_dist_0l18y0t._.js:2432
[ 1383725ms] [LOG] [Fast Refresh] done in 120ms @ http://localhost:3000/_next/static/chunks/0827_next_dist_0l18y0t._.js:2432
[ 1524584ms] [ERROR] Failed to load resource: the server responded with a status of 404 (Not Found) @ http://localhost:3000/api/trpc/cases.list,contracts.list,drafts.list?batch=1&input=%7B%220%22%3A%7B%22json%22%3A%7B%22limit%22%3A20%2C%22offset%22%3A0%7D%7D%2C%221%22%3A%7B%22json%22%3A%7B%22limit%22%3A20%2C%22offset%22%3A0%7D%7D%2C%222%22%3A%7B%22json%22%3A%7B%22limit%22%3A20%2C%22offset%22%3A0%7D%7D%7D:0
[ 1525656ms] [ERROR] Failed to load resource: the server responded with a status of 404 (Not Found) @ http://localhost:3000/api/trpc/cases.list,contracts.list,drafts.list?batch=1&input=%7B%220%22%3A%7B%22json%22%3A%7B%22limit%22%3A20%2C%22offset%22%3A0%7D%7D%2C%221%22%3A%7B%22json%22%3A%7B%22limit%22%3A20%2C%22offset%22%3A0%7D%7D%2C%222%22%3A%7B%22json%22%3A%7B%22limit%22%3A20%2C%22offset%22%3A0%7D%7D%7D:0
[ 1527696ms] [ERROR] Failed to load resource: the server responded with a status of 404 (Not Found) @ http://localhost:3000/api/trpc/cases.list,contracts.list,drafts.list?batch=1&input=%7B%220%22%3A%7B%22json%22%3A%7B%22limit%22%3A20%2C%22offset%22%3A0%7D%7D%2C%221%22%3A%7B%22json%22%3A%7B%22limit%22%3A20%2C%22offset%22%3A0%7D%7D%2C%222%22%3A%7B%22json%22%3A%7B%22limit%22%3A20%2C%22offset%22%3A0%7D%7D%7D:0
[ 1531739ms] [ERROR] Failed to load resource: the server responded with a status of 404 (Not Found) @ http://localhost:3000/api/trpc/cases.list,contracts.list,drafts.list?batch=1&input=%7B%220%22%3A%7B%22json%22%3A%7B%22limit%22%3A20%2C%22offset%22%3A0%7D%7D%2C%221%22%3A%7B%22json%22%3A%7B%22limit%22%3A20%2C%22offset%22%3A0%7D%7D%2C%222%22%3A%7B%22json%22%3A%7B%22limit%22%3A20%2C%22offset%22%3A0%7D%7D%7D:0
[ 1561849ms] [ERROR] Failed to load resource: the server responded with a status of 404 (Not Found) @ http://localhost:3000/api/trpc/cases.list,contracts.list,drafts.list?batch=1&input=%7B%220%22%3A%7B%22json%22%3A%7B%22limit%22%3A20%2C%22offset%22%3A0%7D%7D%2C%221%22%3A%7B%22json%22%3A%7B%22limit%22%3A20%2C%22offset%22%3A0%7D%7D%2C%222%22%3A%7B%22json%22%3A%7B%22limit%22%3A20%2C%22offset%22%3A0%7D%7D%7D:0
[ 1562890ms] [ERROR] Failed to load resource: the server responded with a status of 404 (Not Found) @ http://localhost:3000/api/trpc/cases.list,contracts.list,drafts.list?batch=1&input=%7B%220%22%3A%7B%22json%22%3A%7B%22limit%22%3A20%2C%22offset%22%3A0%7D%7D%2C%221%22%3A%7B%22json%22%3A%7B%22limit%22%3A20%2C%22offset%22%3A0%7D%7D%2C%222%22%3A%7B%22json%22%3A%7B%22limit%22%3A20%2C%22offset%22%3A0%7D%7D%7D:0
[ 1564939ms] [ERROR] Failed to load resource: the server responded with a status of 404 (Not Found) @ http://localhost:3000/api/trpc/cases.list,contracts.list,drafts.list?batch=1&input=%7B%220%22%3A%7B%22json%22%3A%7B%22limit%22%3A20%2C%22offset%22%3A0%7D%7D%2C%221%22%3A%7B%22json%22%3A%7B%22limit%22%3A20%2C%22offset%22%3A0%7D%7D%2C%222%22%3A%7B%22json%22%3A%7B%22limit%22%3A20%2C%22offset%22%3A0%7D%7D%7D:0
[ 1566215ms] [ERROR] Failed to load resource: the server responded with a status of 404 (Not Found) @ http://localhost:3000/api/trpc/subscriptions.getUsage?batch=1&input=%7B%220%22%3A%7B%22json%22%3Anull%2C%22meta%22%3A%7B%22values%22%3A%5B%22undefined%22%5D%2C%22v%22%3A1%7D%7D%7D:0
[ 1567265ms] [ERROR] Failed to load resource: the server responded with a status of 404 (Not Found) @ http://localhost:3000/api/trpc/subscriptions.getUsage?batch=1&input=%7B%220%22%3A%7B%22json%22%3Anull%2C%22meta%22%3A%7B%22values%22%3A%5B%22undefined%22%5D%2C%22v%22%3A1%7D%7D%7D:0
[ 1568985ms] [ERROR] Failed to load resource: the server responded with a status of 404 (Not Found) @ http://localhost:3000/api/trpc/cases.list,contracts.list,drafts.list?batch=1&input=%7B%220%22%3A%7B%22json%22%3A%7B%22limit%22%3A20%2C%22offset%22%3A0%7D%7D%2C%221%22%3A%7B%22json%22%3A%7B%22limit%22%3A20%2C%22offset%22%3A0%7D%7D%2C%222%22%3A%7B%22json%22%3A%7B%22limit%22%3A20%2C%22offset%22%3A0%7D%7D%7D:0
[ 1569314ms] [ERROR] Failed to load resource: the server responded with a status of 404 (Not Found) @ http://localhost:3000/api/trpc/subscriptions.getUsage?batch=1&input=%7B%220%22%3A%7B%22json%22%3Anull%2C%22meta%22%3A%7B%22values%22%3A%5B%22undefined%22%5D%2C%22v%22%3A1%7D%7D%7D:0
[ 1573385ms] [ERROR] Failed to load resource: the server responded with a status of 404 (Not Found) @ http://localhost:3000/api/trpc/subscriptions.getUsage?batch=1&input=%7B%220%22%3A%7B%22json%22%3Anull%2C%22meta%22%3A%7B%22values%22%3A%5B%22undefined%22%5D%2C%22v%22%3A1%7D%7D%7D:0
[ 1599083ms] [ERROR] Failed to load resource: the server responded with a status of 404 (Not Found) @ http://localhost:3000/api/trpc/cases.list,contracts.list,drafts.list?batch=1&input=%7B%220%22%3A%7B%22json%22%3A%7B%22limit%22%3A20%2C%22offset%22%3A0%7D%7D%2C%221%22%3A%7B%22json%22%3A%7B%22limit%22%3A20%2C%22offset%22%3A0%7D%7D%2C%222%22%3A%7B%22json%22%3A%7B%22limit%22%3A20%2C%22offset%22%3A0%7D%7D%7D:0
[ 1600129ms] [ERROR] Failed to load resource: the server responded with a status of 404 (Not Found) @ http://localhost:3000/api/trpc/cases.list,contracts.list,drafts.list?batch=1&input=%7B%220%22%3A%7B%22json%22%3A%7B%22limit%22%3A20%2C%22offset%22%3A0%7D%7D%2C%221%22%3A%7B%22json%22%3A%7B%22limit%22%3A20%2C%22offset%22%3A0%7D%7D%2C%222%22%3A%7B%22json%22%3A%7B%22limit%22%3A20%2C%22offset%22%3A0%7D%7D%7D:0
[ 1602171ms] [ERROR] Failed to load resource: the server responded with a status of 404 (Not Found) @ http://localhost:3000/api/trpc/cases.list,contracts.list,drafts.list?batch=1&input=%7B%220%22%3A%7B%22json%22%3A%7B%22limit%22%3A20%2C%22offset%22%3A0%7D%7D%2C%221%22%3A%7B%22json%22%3A%7B%22limit%22%3A20%2C%22offset%22%3A0%7D%7D%2C%222%22%3A%7B%22json%22%3A%7B%22limit%22%3A20%2C%22offset%22%3A0%7D%7D%7D:0
[ 1606242ms] [ERROR] Failed to load resource: the server responded with a status of 404 (Not Found) @ http://localhost:3000/api/trpc/cases.list,contracts.list,drafts.list?batch=1&input=%7B%220%22%3A%7B%22json%22%3A%7B%22limit%22%3A20%2C%22offset%22%3A0%7D%7D%2C%221%22%3A%7B%22json%22%3A%7B%22limit%22%3A20%2C%22offset%22%3A0%7D%7D%2C%222%22%3A%7B%22json%22%3A%7B%22limit%22%3A20%2C%22offset%22%3A0%7D%7D%7D:0
